<?xml version="1.0" encoding="UTF-8"?>
<coverage generated="1638974166282" clover="3.2.0">
  <project timestamp="1638974166282" name="All files">
    <metrics statements="364" coveredstatements="359" conditionals="146" coveredconditionals="138" methods="125" coveredmethods="118" elements="635" coveredelements="615" complexity="0" loc="364" ncloc="364" packages="3" files="6" classes="6"/>
    <package name="collection">
      <metrics statements="284" coveredstatements="280" conditionals="114" coveredconditionals="110" methods="84" coveredmethods="78"/>
      <file name="Collection.ts" path="/home/ivan/development/fuerte/packages/core/src/collection/Collection.ts">
        <metrics statements="130" coveredstatements="130" conditionals="50" coveredconditionals="50" methods="33" coveredmethods="33"/>
        <line num="39" count="1241" type="stmt"/>
        <line num="41" count="1241" type="stmt"/>
        <line num="44" count="1241" type="stmt"/>
        <line num="50" count="1241" type="stmt"/>
        <line num="59" count="1241" type="stmt"/>
        <line num="61" count="1241" type="stmt"/>
        <line num="79" count="7" type="stmt"/>
        <line num="89" count="1241" type="stmt"/>
        <line num="123" count="3" type="stmt"/>
        <line num="127" count="1" type="stmt"/>
        <line num="135" count="33" type="stmt"/>
        <line num="140" count="33" type="cond" truecount="2" falsecount="0"/>
        <line num="142" count="28" type="stmt"/>
        <line num="144" count="5" type="stmt"/>
        <line num="147" count="33" type="stmt"/>
        <line num="148" count="33" type="stmt"/>
        <line num="149" count="33" type="stmt"/>
        <line num="151" count="33" type="stmt"/>
        <line num="152" count="33" type="stmt"/>
        <line num="155" count="33" type="stmt"/>
        <line num="161" count="33" type="stmt"/>
        <line num="167" count="33" type="stmt"/>
        <line num="169" count="25" type="cond" truecount="2" falsecount="0"/>
        <line num="170" count="3" type="stmt"/>
        <line num="175" count="25" type="stmt"/>
        <line num="182" count="25" type="stmt"/>
        <line num="190" count="24" type="stmt"/>
        <line num="198" count="9" type="stmt"/>
        <line num="200" count="9" type="stmt"/>
        <line num="202" count="9" type="cond" truecount="2" falsecount="0"/>
        <line num="207" count="1" type="stmt"/>
        <line num="212" count="9" type="stmt"/>
        <line num="219" count="9" type="stmt"/>
        <line num="227" count="9" type="stmt"/>
        <line num="233" count="33" type="stmt"/>
        <line num="234" count="33" type="cond" truecount="2" falsecount="0"/>
        <line num="235" count="32" type="stmt"/>
        <line num="236" count="32" type="stmt"/>
        <line num="246" count="33" type="stmt"/>
        <line num="255" count="20" type="stmt"/>
        <line num="263" count="26" type="stmt"/>
        <line num="277" count="6" type="stmt"/>
        <line num="281" count="9" type="stmt"/>
        <line num="282" count="9" type="stmt"/>
        <line num="283" count="9" type="stmt"/>
        <line num="286" count="9" type="stmt"/>
        <line num="294" count="23" type="stmt"/>
        <line num="299" count="23" type="stmt"/>
        <line num="301" count="23" type="stmt"/>
        <line num="302" count="23" type="stmt"/>
        <line num="304" count="3" type="stmt"/>
        <line num="311" count="20" type="cond" truecount="4" falsecount="0"/>
        <line num="312" count="9" type="stmt"/>
        <line num="316" count="20" type="stmt"/>
        <line num="317" count="20" type="stmt"/>
        <line num="319" count="20" type="stmt"/>
        <line num="324" count="20" type="stmt"/>
        <line num="329" count="20" type="stmt"/>
        <line num="331" count="17" type="cond" truecount="4" falsecount="0"/>
        <line num="332" count="5" type="stmt"/>
        <line num="336" count="17" type="stmt"/>
        <line num="342" count="17" type="stmt"/>
        <line num="348" count="17" type="stmt"/>
        <line num="354" count="3" type="cond" truecount="2" falsecount="0"/>
        <line num="359" count="1" type="stmt"/>
        <line num="363" count="3" type="stmt"/>
        <line num="369" count="3" type="stmt"/>
        <line num="377" count="3" type="stmt"/>
        <line num="383" count="20" type="stmt"/>
        <line num="384" count="20" type="stmt"/>
        <line num="390" count="23" type="stmt"/>
        <line num="392" count="22" type="cond" truecount="2" falsecount="0"/>
        <line num="393" count="1" type="stmt"/>
        <line num="395" count="21" type="cond" truecount="2" falsecount="0"/>
        <line num="396" count="1" type="stmt"/>
        <line num="401" count="23" type="cond" truecount="2" falsecount="0"/>
        <line num="402" count="1" type="stmt"/>
        <line num="422" count="26" type="stmt"/>
        <line num="424" count="26" type="stmt"/>
        <line num="429" count="26" type="stmt"/>
        <line num="430" count="26" type="stmt"/>
        <line num="431" count="26" type="stmt"/>
        <line num="436" count="26" type="stmt"/>
        <line num="438" count="23" type="stmt"/>
        <line num="439" count="23" type="stmt"/>
        <line num="443" count="23" type="cond" truecount="2" falsecount="0"/>
        <line num="444" count="1" type="stmt"/>
        <line num="448" count="1" type="stmt"/>
        <line num="456" count="1" type="stmt"/>
        <line num="464" count="22" type="stmt"/>
        <line num="465" count="22" type="stmt"/>
        <line num="467" count="22" type="stmt"/>
        <line num="468" count="46" type="stmt"/>
        <line num="470" count="46" type="cond" truecount="2" falsecount="0"/>
        <line num="471" count="5" type="stmt"/>
        <line num="473" count="41" type="stmt"/>
        <line num="475" count="41" type="cond" truecount="2" falsecount="0"/>
        <line num="476" count="28" type="stmt"/>
        <line num="481" count="13" type="stmt"/>
        <line num="483" count="13" type="stmt"/>
        <line num="485" count="13" type="cond" truecount="2" falsecount="0"/>
        <line num="487" count="6" type="stmt"/>
        <line num="488" count="6" type="stmt"/>
        <line num="489" count="6" type="stmt"/>
        <line num="491" count="6" type="cond" truecount="4" falsecount="0"/>
        <line num="493" count="2" type="stmt"/>
        <line num="494" count="2" type="stmt"/>
        <line num="495" count="2" type="stmt"/>
        <line num="498" count="1" type="stmt"/>
        <line num="501" count="2" type="cond" truecount="2" falsecount="0"/>
        <line num="502" count="1" type="stmt"/>
        <line num="504" count="1" type="stmt"/>
        <line num="505" count="1" type="stmt"/>
        <line num="507" count="1" type="stmt"/>
        <line num="513" count="20" type="stmt"/>
        <line num="516" count="20" type="stmt"/>
        <line num="522" count="20" type="stmt"/>
        <line num="530" count="20" type="stmt"/>
        <line num="539" count="5" type="stmt"/>
        <line num="540" count="5" type="stmt"/>
        <line num="541" count="5" type="stmt"/>
        <line num="542" count="5" type="stmt"/>
        <line num="545" count="5" type="stmt"/>
        <line num="551" count="5" type="stmt"/>
        <line num="569" count="272" type="stmt"/>
        <line num="573" count="66" type="stmt"/>
        <line num="577" count="1" type="stmt"/>
        <line num="579" count="1" type="stmt"/>
        <line num="580" count="2" type="stmt"/>
        <line num="582" count="1" type="stmt"/>
      </file>
      <file name="LiteCollection.ts" path="/home/ivan/development/fuerte/packages/core/src/collection/LiteCollection.ts">
        <metrics statements="152" coveredstatements="148" conditionals="64" coveredconditionals="60" methods="51" coveredmethods="45"/>
        <line num="25" count="1243" type="stmt"/>
        <line num="27" count="1243" type="stmt"/>
        <line num="29" count="1243" type="stmt"/>
        <line num="33" count="1243" type="stmt"/>
        <line num="36" count="1243" type="stmt"/>
        <line num="51" count="1243" type="stmt"/>
        <line num="75" count="0" type="stmt"/>
        <line num="80" count="390" type="cond" truecount="2" falsecount="0"/>
        <line num="81" count="1" type="stmt"/>
        <line num="91" count="3" type="stmt"/>
        <line num="100" count="94" type="stmt"/>
        <line num="109" count="2" type="stmt"/>
        <line num="121" count="3" type="stmt"/>
        <line num="144" count="159" type="stmt"/>
        <line num="146" count="159" type="stmt"/>
        <line num="150" count="159" type="stmt"/>
        <line num="152" count="159" type="stmt"/>
        <line num="153" count="299" type="stmt"/>
        <line num="155" count="298" type="cond" truecount="2" falsecount="0"/>
        <line num="156" count="24" type="stmt"/>
        <line num="159" count="274" type="stmt"/>
        <line num="167" count="274" type="stmt"/>
        <line num="170" count="274" type="stmt"/>
        <line num="172" count="273" type="stmt"/>
        <line num="176" count="157" type="cond" truecount="2" falsecount="0"/>
        <line num="177" count="151" type="stmt"/>
        <line num="178" count="6" type="cond" truecount="2" falsecount="0"/>
        <line num="179" count="3" type="stmt"/>
        <line num="182" count="3" type="cond" truecount="2" falsecount="0"/>
        <line num="186" count="2" type="stmt"/>
        <line num="188" count="1" type="stmt"/>
        <line num="191" count="155" type="cond" truecount="2" falsecount="0"/>
        <line num="195" count="341" type="stmt"/>
        <line num="196" count="341" type="stmt"/>
        <line num="197" count="341" type="stmt"/>
        <line num="199" count="341" type="cond" truecount="2" falsecount="0"/>
        <line num="200" count="138" type="stmt"/>
        <line num="203" count="341" type="cond" truecount="2" falsecount="0"/>
        <line num="207" count="274" type="stmt"/>
        <line num="208" count="274" type="stmt"/>
        <line num="209" count="274" type="cond" truecount="2" falsecount="0"/>
        <line num="210" count="93" type="stmt"/>
        <line num="213" count="274" type="stmt"/>
        <line num="214" count="278" type="stmt"/>
        <line num="216" count="4" type="stmt"/>
        <line num="220" count="274" type="stmt"/>
        <line num="224" count="64" type="stmt"/>
        <line num="225" count="64" type="stmt"/>
        <line num="227" count="64" type="stmt"/>
        <line num="228" count="64" type="cond" truecount="1" falsecount="1"/>
        <line num="232" count="60" type="stmt"/>
        <line num="234" count="60" type="cond" truecount="2" falsecount="0"/>
        <line num="238" count="32" type="stmt"/>
        <line num="239" count="32" type="stmt"/>
        <line num="240" count="32" type="stmt"/>
        <line num="241" count="28" type="stmt"/>
        <line num="242" count="28" type="cond" truecount="2" falsecount="0"/>
        <line num="243" count="24" type="stmt"/>
        <line num="247" count="32" type="stmt"/>
        <line num="251" count="1117" type="stmt"/>
        <line num="252" count="1117" type="cond" truecount="2" falsecount="0"/>
        <line num="253" count="1" type="stmt"/>
        <line num="254" count="1" type="stmt"/>
        <line num="257" count="1116" type="stmt"/>
        <line num="260" count="1117" type="stmt"/>
        <line num="268" count="11" type="cond" truecount="2" falsecount="0"/>
        <line num="269" count="2" type="stmt"/>
        <line num="272" count="9" type="stmt"/>
        <line num="276" count="89" type="stmt"/>
        <line num="280" count="1" type="stmt"/>
        <line num="281" count="2" type="stmt"/>
        <line num="286" count="1" type="stmt"/>
        <line num="287" count="1" type="stmt"/>
        <line num="292" count="2" type="stmt"/>
        <line num="296" count="0" type="stmt"/>
        <line num="300" count="0" type="stmt"/>
        <line num="304" count="2" type="cond" truecount="2" falsecount="0"/>
        <line num="305" count="1" type="stmt"/>
        <line num="311" count="1" type="stmt"/>
        <line num="315" count="2" type="cond" truecount="2" falsecount="0"/>
        <line num="316" count="1" type="stmt"/>
        <line num="319" count="1" type="stmt"/>
        <line num="323" count="2" type="cond" truecount="4" falsecount="0"/>
        <line num="324" count="1" type="stmt"/>
        <line num="326" count="1" type="stmt"/>
        <line num="328" count="1" type="stmt"/>
        <line num="339" count="30" type="stmt"/>
        <line num="340" count="30" type="stmt"/>
        <line num="341" count="30" type="cond" truecount="2" falsecount="0"/>
        <line num="342" count="7" type="cond" truecount="2" falsecount="0"/>
        <line num="343" count="2" type="stmt"/>
        <line num="345" count="5" type="stmt"/>
        <line num="350" count="28" type="stmt"/>
        <line num="367" count="55" type="stmt"/>
        <line num="369" count="64" type="stmt"/>
        <line num="373" count="55" type="stmt"/>
        <line num="374" count="55" type="stmt"/>
        <line num="376" count="55" type="stmt"/>
        <line num="377" count="64" type="stmt"/>
        <line num="378" count="64" type="stmt"/>
        <line num="379" count="64" type="stmt"/>
        <line num="380" count="64" type="cond" truecount="2" falsecount="0"/>
        <line num="381" count="29" type="stmt"/>
        <line num="383" count="64" type="stmt"/>
        <line num="386" count="55" type="cond" truecount="2" falsecount="0"/>
        <line num="387" count="27" type="stmt"/>
        <line num="388" count="29" type="stmt"/>
        <line num="389" count="29" type="stmt"/>
        <line num="390" count="29" type="stmt"/>
        <line num="391" count="29" type="cond" truecount="2" falsecount="0"/>
        <line num="392" count="27" type="stmt"/>
        <line num="393" count="27" type="stmt"/>
        <line num="394" count="27" type="stmt"/>
        <line num="399" count="28" type="stmt"/>
        <line num="400" count="28" type="stmt"/>
        <line num="401" count="57" type="stmt"/>
        <line num="402" count="57" type="stmt"/>
        <line num="403" count="57" type="stmt"/>
        <line num="404" count="57" type="cond" truecount="2" falsecount="0"/>
        <line num="405" count="37" type="stmt"/>
        <line num="407" count="20" type="stmt"/>
        <line num="411" count="28" type="stmt"/>
        <line num="414" count="55" type="cond" truecount="2" falsecount="0"/>
        <line num="418" count="0" type="stmt"/>
        <line num="422" count="2" type="stmt"/>
        <line num="430" count="1" type="stmt"/>
        <line num="437" count="1" type="stmt"/>
        <line num="438" count="2" type="stmt"/>
        <line num="439" count="2" type="cond" truecount="1" falsecount="1"/>
        <line num="440" count="2" type="stmt"/>
        <line num="443" count="2" type="stmt"/>
        <line num="453" count="9" type="cond" truecount="2" falsecount="0"/>
        <line num="454" count="1" type="stmt"/>
        <line num="456" count="1" type="stmt"/>
        <line num="458" count="1" type="stmt"/>
        <line num="461" count="8" type="stmt"/>
        <line num="462" count="8" type="stmt"/>
        <line num="463" count="36" type="stmt"/>
        <line num="465" count="36" type="cond" truecount="2" falsecount="0"/>
        <line num="466" count="5" type="stmt"/>
        <line num="469" count="31" type="stmt"/>
        <line num="471" count="31" type="stmt"/>
        <line num="474" count="8" type="stmt"/>
        <line num="475" count="8" type="stmt"/>
        <line num="479" count="8" type="stmt"/>
        <line num="481" count="8" type="stmt"/>
        <line num="485" count="8" type="stmt"/>
        <line num="493" count="70" type="stmt"/>
        <line num="497" count="1" type="stmt"/>
        <line num="499" count="2" type="stmt"/>
        <line num="501" count="1" type="stmt"/>
        <line num="502" count="2" type="stmt"/>
      </file>
      <file name="collection-config.ts" path="/home/ivan/development/fuerte/packages/core/src/collection/collection-config.ts">
        <metrics statements="2" coveredstatements="2" conditionals="0" coveredconditionals="0" methods="0" coveredmethods="0"/>
        <line num="1" count="1" type="stmt"/>
        <line num="7" count="1" type="stmt"/>
      </file>
    </package>
    <package name="model">
      <metrics statements="80" coveredstatements="79" conditionals="32" coveredconditionals="28" methods="41" coveredmethods="40"/>
      <file name="Model.ts" path="/home/ivan/development/fuerte/packages/core/src/model/Model.ts">
        <metrics statements="78" coveredstatements="77" conditionals="32" coveredconditionals="28" methods="40" coveredmethods="39"/>
        <line num="32" count="12" type="stmt"/>
        <line num="34" count="12" type="stmt"/>
        <line num="40" count="1193" type="stmt"/>
        <line num="45" count="1193" type="stmt"/>
        <line num="47" count="1193" type="stmt"/>
        <line num="49" count="1193" type="stmt"/>
        <line num="51" count="1193" type="stmt"/>
        <line num="53" count="1193" type="stmt"/>
        <line num="57" count="1193" type="stmt"/>
        <line num="66" count="1193" type="stmt"/>
        <line num="69" count="497" type="stmt"/>
        <line num="73" count="1193" type="stmt"/>
        <line num="75" count="1193" type="stmt"/>
        <line num="128" count="1117" type="cond" truecount="1" falsecount="1"/>
        <line num="129" count="1117" type="stmt"/>
        <line num="130" count="1117" type="stmt"/>
        <line num="131" count="1117" type="stmt"/>
        <line num="136" count="1148" type="stmt"/>
        <line num="141" count="1148" type="stmt"/>
        <line num="147" count="1117" type="stmt"/>
        <line num="148" count="1147" type="stmt"/>
        <line num="153" count="3" type="cond" truecount="2" falsecount="0"/>
        <line num="157" count="5" type="stmt"/>
        <line num="161" count="0" type="stmt"/>
        <line num="166" count="274" type="cond" truecount="4" falsecount="0"/>
        <line num="167" count="1" type="stmt"/>
        <line num="169" count="273" type="cond" truecount="2" falsecount="0"/>
        <line num="171" count="271" type="stmt"/>
        <line num="173" count="273" type="stmt"/>
        <line num="180" count="66" type="stmt"/>
        <line num="181" count="66" type="cond" truecount="1" falsecount="1"/>
        <line num="183" count="66" type="stmt"/>
        <line num="190" count="25" type="stmt"/>
        <line num="194" count="3" type="cond" truecount="2" falsecount="0"/>
        <line num="198" count="23" type="stmt"/>
        <line num="202" count="6" type="stmt"/>
        <line num="206" count="10" type="stmt"/>
        <line num="219" count="33" type="stmt"/>
        <line num="220" count="33" type="stmt"/>
        <line num="224" count="33" type="stmt"/>
        <line num="225" count="33" type="stmt"/>
        <line num="244" count="25" type="cond" truecount="1" falsecount="1"/>
        <line num="248" count="25" type="stmt"/>
        <line num="251" count="25" type="cond" truecount="2" falsecount="0"/>
        <line num="252" count="24" type="stmt"/>
        <line num="253" count="24" type="stmt"/>
        <line num="256" count="25" type="cond" truecount="2" falsecount="0"/>
        <line num="260" count="3" type="stmt"/>
        <line num="266" count="3" type="cond" truecount="2" falsecount="0"/>
        <line num="267" count="1" type="stmt"/>
        <line num="270" count="2" type="stmt"/>
        <line num="273" count="2" type="stmt"/>
        <line num="276" count="24" type="stmt"/>
        <line num="298" count="9" type="cond" truecount="1" falsecount="1"/>
        <line num="300" count="9" type="stmt"/>
        <line num="301" count="9" type="stmt"/>
        <line num="302" count="9" type="stmt"/>
        <line num="304" count="9" type="stmt"/>
        <line num="319" count="3" type="cond" truecount="2" falsecount="0"/>
        <line num="324" count="472" type="stmt"/>
        <line num="329" count="19" type="stmt"/>
        <line num="333" count="32" type="stmt"/>
        <line num="338" count="32" type="cond" truecount="2" falsecount="0"/>
        <line num="343" count="20" type="stmt"/>
        <line num="344" count="20" type="stmt"/>
        <line num="355" count="17" type="stmt"/>
        <line num="356" count="17" type="stmt"/>
        <line num="357" count="17" type="stmt"/>
        <line num="358" count="17" type="stmt"/>
        <line num="371" count="3" type="stmt"/>
        <line num="372" count="3" type="stmt"/>
        <line num="373" count="3" type="stmt"/>
        <line num="375" count="3" type="stmt"/>
        <line num="381" count="4" type="stmt"/>
        <line num="385" count="4" type="stmt"/>
        <line num="390" count="31" type="stmt"/>
        <line num="391" count="31" type="stmt"/>
        <line num="392" count="31" type="stmt"/>
      </file>
      <file name="identity-error.ts" path="/home/ivan/development/fuerte/packages/core/src/model/identity-error.ts">
        <metrics statements="2" coveredstatements="2" conditionals="0" coveredconditionals="0" methods="1" coveredmethods="1"/>
        <line num="3" count="1" type="stmt"/>
        <line num="4" count="1" type="stmt"/>
      </file>
    </package>
    <package name="utils">
      <metrics statements="0" coveredstatements="0" conditionals="0" coveredconditionals="0" methods="0" coveredmethods="0"/>
      <file name="types.ts" path="/home/ivan/development/fuerte/packages/core/src/utils/types.ts">
        <metrics statements="0" coveredstatements="0" conditionals="0" coveredconditionals="0" methods="0" coveredmethods="0"/>
      </file>
    </package>
  </project>
</coverage>
