{"/home/ivan/development/fuerte/packages/core/src/collection/Collection.ts": {"path":"/home/ivan/development/fuerte/packages/core/src/collection/Collection.ts","statementMap":{"0":{"start":{"line":39,"column":14},"end":{"line":39,"column":23}},"1":{"start":{"line":41,"column":42},"end":{"line":41,"column":48}},"2":{"start":{"line":44,"column":35},"end":{"line":44,"column":44}},"3":{"start":{"line":50,"column":6},"end":{"line":50,"column":15}},"4":{"start":{"line":59,"column":4},"end":{"line":59,"column":26}},"5":{"start":{"line":61,"column":4},"end":{"line":87,"column":5}},"6":{"start":{"line":79,"column":10},"end":{"line":79,"column":27}},"7":{"start":{"line":89,"column":4},"end":{"line":119,"column":6}},"8":{"start":{"line":123,"column":4},"end":{"line":123,"column":22}},"9":{"start":{"line":127,"column":4},"end":{"line":127,"column":25}},"10":{"start":{"line":135,"column":23},"end":{"line":138,"column":5}},"11":{"start":{"line":140,"column":4},"end":{"line":145,"column":5}},"12":{"start":{"line":142,"column":6},"end":{"line":142,"column":80}},"13":{"start":{"line":144,"column":6},"end":{"line":144,"column":31}},"14":{"start":{"line":147,"column":18},"end":{"line":147,"column":20}},"15":{"start":{"line":148,"column":4},"end":{"line":150,"column":6}},"16":{"start":{"line":149,"column":6},"end":{"line":149,"column":58}},"17":{"start":{"line":151,"column":23},"end":{"line":151,"column":36}},"18":{"start":{"line":152,"column":4},"end":{"line":239,"column":5}},"19":{"start":{"line":155,"column":6},"end":{"line":159,"column":8}},"20":{"start":{"line":161,"column":6},"end":{"line":165,"column":8}},"21":{"start":{"line":167,"column":23},"end":{"line":167,"column":75}},"22":{"start":{"line":169,"column":6},"end":{"line":173,"column":7}},"23":{"start":{"line":170,"column":8},"end":{"line":172,"column":10}},"24":{"start":{"line":175,"column":6},"end":{"line":180,"column":8}},"25":{"start":{"line":182,"column":6},"end":{"line":188,"column":8}},"26":{"start":{"line":190,"column":6},"end":{"line":194,"column":7}},"27":{"start":{"line":198,"column":6},"end":{"line":198,"column":18}},"28":{"start":{"line":200,"column":28},"end":{"line":200,"column":58}},"29":{"start":{"line":202,"column":6},"end":{"line":210,"column":7}},"30":{"start":{"line":207,"column":8},"end":{"line":209,"column":10}},"31":{"start":{"line":212,"column":6},"end":{"line":217,"column":8}},"32":{"start":{"line":219,"column":6},"end":{"line":225,"column":8}},"33":{"start":{"line":227,"column":6},"end":{"line":231,"column":7}},"34":{"start":{"line":233,"column":24},"end":{"line":233,"column":51}},"35":{"start":{"line":234,"column":6},"end":{"line":238,"column":7}},"36":{"start":{"line":235,"column":8},"end":{"line":237,"column":10}},"37":{"start":{"line":236,"column":10},"end":{"line":236,"column":40}},"38":{"start":{"line":246,"column":4},"end":{"line":248,"column":5}},"39":{"start":{"line":255,"column":4},"end":{"line":257,"column":5}},"40":{"start":{"line":263,"column":4},"end":{"line":265,"column":5}},"41":{"start":{"line":277,"column":4},"end":{"line":277,"column":39}},"42":{"start":{"line":281,"column":29},"end":{"line":281,"column":31}},"43":{"start":{"line":282,"column":4},"end":{"line":284,"column":6}},"44":{"start":{"line":283,"column":6},"end":{"line":283,"column":29}},"45":{"start":{"line":286,"column":4},"end":{"line":286,"column":17}},"46":{"start":{"line":294,"column":25},"end":{"line":297,"column":5}},"47":{"start":{"line":299,"column":18},"end":{"line":299,"column":39}},"48":{"start":{"line":301,"column":4},"end":{"line":309,"column":5}},"49":{"start":{"line":302,"column":6},"end":{"line":302,"column":35}},"50":{"start":{"line":304,"column":6},"end":{"line":308,"column":7}},"51":{"start":{"line":311,"column":4},"end":{"line":315,"column":5}},"52":{"start":{"line":312,"column":6},"end":{"line":314,"column":8}},"53":{"start":{"line":316,"column":4},"end":{"line":386,"column":5}},"54":{"start":{"line":317,"column":6},"end":{"line":317,"column":42}},"55":{"start":{"line":319,"column":6},"end":{"line":323,"column":8}},"56":{"start":{"line":324,"column":6},"end":{"line":327,"column":8}},"57":{"start":{"line":329,"column":23},"end":{"line":329,"column":77}},"58":{"start":{"line":331,"column":6},"end":{"line":335,"column":7}},"59":{"start":{"line":332,"column":8},"end":{"line":334,"column":10}},"60":{"start":{"line":336,"column":6},"end":{"line":341,"column":8}},"61":{"start":{"line":342,"column":6},"end":{"line":346,"column":8}},"62":{"start":{"line":348,"column":6},"end":{"line":352,"column":7}},"63":{"start":{"line":354,"column":6},"end":{"line":362,"column":7}},"64":{"start":{"line":359,"column":8},"end":{"line":361,"column":10}},"65":{"start":{"line":363,"column":6},"end":{"line":368,"column":8}},"66":{"start":{"line":369,"column":6},"end":{"line":374,"column":8}},"67":{"start":{"line":377,"column":6},"end":{"line":381,"column":7}},"68":{"start":{"line":383,"column":6},"end":{"line":385,"column":8}},"69":{"start":{"line":384,"column":8},"end":{"line":384,"column":40}},"70":{"start":{"line":390,"column":4},"end":{"line":390,"column":35}},"71":{"start":{"line":392,"column":4},"end":{"line":394,"column":5}},"72":{"start":{"line":393,"column":6},"end":{"line":393,"column":41}},"73":{"start":{"line":395,"column":4},"end":{"line":397,"column":5}},"74":{"start":{"line":396,"column":6},"end":{"line":396,"column":60}},"75":{"start":{"line":401,"column":4},"end":{"line":403,"column":5}},"76":{"start":{"line":402,"column":6},"end":{"line":402,"column":55}},"77":{"start":{"line":422,"column":4},"end":{"line":422,"column":30}},"78":{"start":{"line":424,"column":23},"end":{"line":427,"column":5}},"79":{"start":{"line":429,"column":4},"end":{"line":557,"column":5}},"80":{"start":{"line":430,"column":6},"end":{"line":430,"column":33}},"81":{"start":{"line":431,"column":6},"end":{"line":434,"column":8}},"82":{"start":{"line":436,"column":23},"end":{"line":436,"column":68}},"83":{"start":{"line":438,"column":6},"end":{"line":440,"column":8}},"84":{"start":{"line":439,"column":8},"end":{"line":439,"column":36}},"85":{"start":{"line":443,"column":6},"end":{"line":462,"column":7}},"86":{"start":{"line":444,"column":33},"end":{"line":446,"column":10}},"87":{"start":{"line":448,"column":8},"end":{"line":454,"column":10}},"88":{"start":{"line":456,"column":8},"end":{"line":461,"column":9}},"89":{"start":{"line":464,"column":36},"end":{"line":464,"column":38}},"90":{"start":{"line":465,"column":39},"end":{"line":465,"column":41}},"91":{"start":{"line":467,"column":6},"end":{"line":511,"column":7}},"92":{"start":{"line":468,"column":29},"end":{"line":468,"column":62}},"93":{"start":{"line":470,"column":8},"end":{"line":472,"column":9}},"94":{"start":{"line":471,"column":10},"end":{"line":471,"column":18}},"95":{"start":{"line":473,"column":22},"end":{"line":473,"column":54}},"96":{"start":{"line":475,"column":8},"end":{"line":510,"column":9}},"97":{"start":{"line":476,"column":10},"end":{"line":476,"column":33}},"98":{"start":{"line":481,"column":27},"end":{"line":481,"column":68}},"99":{"start":{"line":483,"column":32},"end":{"line":483,"column":69}},"100":{"start":{"line":485,"column":10},"end":{"line":509,"column":11}},"101":{"start":{"line":487,"column":14},"end":{"line":487,"column":47}},"102":{"start":{"line":488,"column":14},"end":{"line":488,"column":37}},"103":{"start":{"line":489,"column":14},"end":{"line":489,"column":19}},"104":{"start":{"line":491,"column":14},"end":{"line":508,"column":15}},"105":{"start":{"line":493,"column":18},"end":{"line":493,"column":41}},"106":{"start":{"line":494,"column":18},"end":{"line":494,"column":51}},"107":{"start":{"line":495,"column":18},"end":{"line":495,"column":23}},"108":{"start":{"line":498,"column":18},"end":{"line":498,"column":23}},"109":{"start":{"line":501,"column":18},"end":{"line":503,"column":19}},"110":{"start":{"line":502,"column":20},"end":{"line":502,"column":74}},"111":{"start":{"line":504,"column":18},"end":{"line":504,"column":41}},"112":{"start":{"line":505,"column":18},"end":{"line":505,"column":23}},"113":{"start":{"line":507,"column":18},"end":{"line":507,"column":59}},"114":{"start":{"line":513,"column":22},"end":{"line":515,"column":8}},"115":{"start":{"line":516,"column":20},"end":{"line":518,"column":8}},"116":{"start":{"line":522,"column":6},"end":{"line":528,"column":8}},"117":{"start":{"line":530,"column":6},"end":{"line":535,"column":7}},"118":{"start":{"line":539,"column":6},"end":{"line":539,"column":18}},"119":{"start":{"line":540,"column":6},"end":{"line":543,"column":8}},"120":{"start":{"line":541,"column":8},"end":{"line":541,"column":30}},"121":{"start":{"line":542,"column":8},"end":{"line":542,"column":36}},"122":{"start":{"line":545,"column":6},"end":{"line":549,"column":8}},"123":{"start":{"line":551,"column":6},"end":{"line":556,"column":7}},"124":{"start":{"line":569,"column":4},"end":{"line":569,"column":31}},"125":{"start":{"line":573,"column":4},"end":{"line":573,"column":33}},"126":{"start":{"line":577,"column":4},"end":{"line":577,"column":19}},"127":{"start":{"line":579,"column":4},"end":{"line":581,"column":6}},"128":{"start":{"line":580,"column":6},"end":{"line":580,"column":21}},"129":{"start":{"line":582,"column":4},"end":{"line":582,"column":21}}},"fnMap":{"0":{"name":"(anonymous_0)","decl":{"start":{"line":54,"column":2},"end":{"line":54,"column":3}},"loc":{"start":{"line":58,"column":4},"end":{"line":120,"column":3}},"line":58},"1":{"name":"(anonymous_1)","decl":{"start":{"line":78,"column":19},"end":{"line":78,"column":20}},"loc":{"start":{"line":78,"column":25},"end":{"line":80,"column":9}},"line":78},"2":{"name":"(anonymous_2)","decl":{"start":{"line":122,"column":2},"end":{"line":122,"column":3}},"loc":{"start":{"line":122,"column":40},"end":{"line":124,"column":3}},"line":122},"3":{"name":"(anonymous_3)","decl":{"start":{"line":126,"column":2},"end":{"line":126,"column":3}},"loc":{"start":{"line":126,"column":29},"end":{"line":128,"column":3}},"line":126},"4":{"name":"(anonymous_4)","decl":{"start":{"line":130,"column":2},"end":{"line":130,"column":3}},"loc":{"start":{"line":134,"column":45},"end":{"line":240,"column":3}},"line":134},"5":{"name":"(anonymous_5)","decl":{"start":{"line":148,"column":16},"end":{"line":148,"column":17}},"loc":{"start":{"line":148,"column":22},"end":{"line":150,"column":5}},"line":148},"6":{"name":"(anonymous_6)","decl":{"start":{"line":235,"column":20},"end":{"line":235,"column":21}},"loc":{"start":{"line":235,"column":26},"end":{"line":237,"column":9}},"line":235},"7":{"name":"(anonymous_7)","decl":{"start":{"line":242,"column":2},"end":{"line":242,"column":3}},"loc":{"start":{"line":245,"column":48},"end":{"line":249,"column":3}},"line":245},"8":{"name":"(anonymous_8)","decl":{"start":{"line":251,"column":2},"end":{"line":251,"column":3}},"loc":{"start":{"line":254,"column":50},"end":{"line":258,"column":3}},"line":254},"9":{"name":"(anonymous_9)","decl":{"start":{"line":260,"column":2},"end":{"line":260,"column":3}},"loc":{"start":{"line":262,"column":48},"end":{"line":266,"column":3}},"line":262},"10":{"name":"(anonymous_10)","decl":{"start":{"line":268,"column":2},"end":{"line":268,"column":3}},"loc":{"start":{"line":268,"column":75},"end":{"line":268,"column":77}},"line":268},"11":{"name":"(anonymous_11)","decl":{"start":{"line":270,"column":2},"end":{"line":270,"column":3}},"loc":{"start":{"line":272,"column":10},"end":{"line":272,"column":12}},"line":272},"12":{"name":"(anonymous_12)","decl":{"start":{"line":274,"column":2},"end":{"line":274,"column":3}},"loc":{"start":{"line":274,"column":75},"end":{"line":274,"column":77}},"line":274},"13":{"name":"(anonymous_13)","decl":{"start":{"line":276,"column":2},"end":{"line":276,"column":3}},"loc":{"start":{"line":276,"column":27},"end":{"line":278,"column":3}},"line":276},"14":{"name":"(anonymous_14)","decl":{"start":{"line":280,"column":2},"end":{"line":280,"column":3}},"loc":{"start":{"line":280,"column":25},"end":{"line":287,"column":3}},"line":280},"15":{"name":"(anonymous_15)","decl":{"start":{"line":282,"column":25},"end":{"line":282,"column":26}},"loc":{"start":{"line":282,"column":35},"end":{"line":284,"column":5}},"line":282},"16":{"name":"(anonymous_16)","decl":{"start":{"line":289,"column":2},"end":{"line":289,"column":3}},"loc":{"start":{"line":293,"column":47},"end":{"line":387,"column":3}},"line":293},"17":{"name":"(anonymous_17)","decl":{"start":{"line":383,"column":18},"end":{"line":383,"column":19}},"loc":{"start":{"line":383,"column":24},"end":{"line":385,"column":7}},"line":383},"18":{"name":"(anonymous_18)","decl":{"start":{"line":389,"column":2},"end":{"line":389,"column":3}},"loc":{"start":{"line":389,"column":71},"end":{"line":398,"column":3}},"line":389},"19":{"name":"(anonymous_19)","decl":{"start":{"line":400,"column":2},"end":{"line":400,"column":3}},"loc":{"start":{"line":400,"column":63},"end":{"line":404,"column":3}},"line":400},"20":{"name":"(anonymous_20)","decl":{"start":{"line":406,"column":2},"end":{"line":406,"column":3}},"loc":{"start":{"line":408,"column":10},"end":{"line":408,"column":12}},"line":408},"21":{"name":"(anonymous_21)","decl":{"start":{"line":410,"column":2},"end":{"line":410,"column":3}},"loc":{"start":{"line":412,"column":10},"end":{"line":412,"column":12}},"line":412},"22":{"name":"(anonymous_22)","decl":{"start":{"line":414,"column":2},"end":{"line":414,"column":3}},"loc":{"start":{"line":416,"column":10},"end":{"line":416,"column":12}},"line":416},"23":{"name":"(anonymous_23)","decl":{"start":{"line":418,"column":2},"end":{"line":418,"column":3}},"loc":{"start":{"line":421,"column":45},"end":{"line":558,"column":3}},"line":421},"24":{"name":"(anonymous_24)","decl":{"start":{"line":438,"column":18},"end":{"line":438,"column":19}},"loc":{"start":{"line":438,"column":24},"end":{"line":440,"column":7}},"line":438},"25":{"name":"(anonymous_25)","decl":{"start":{"line":540,"column":18},"end":{"line":540,"column":19}},"loc":{"start":{"line":540,"column":24},"end":{"line":543,"column":7}},"line":540},"26":{"name":"(anonymous_26)","decl":{"start":{"line":560,"column":2},"end":{"line":560,"column":3}},"loc":{"start":{"line":560,"column":75},"end":{"line":560,"column":77}},"line":560},"27":{"name":"(anonymous_27)","decl":{"start":{"line":562,"column":2},"end":{"line":562,"column":3}},"loc":{"start":{"line":564,"column":10},"end":{"line":564,"column":12}},"line":564},"28":{"name":"(anonymous_28)","decl":{"start":{"line":566,"column":2},"end":{"line":566,"column":3}},"loc":{"start":{"line":566,"column":75},"end":{"line":566,"column":77}},"line":566},"29":{"name":"(anonymous_29)","decl":{"start":{"line":568,"column":2},"end":{"line":568,"column":3}},"loc":{"start":{"line":568,"column":54},"end":{"line":570,"column":3}},"line":568},"30":{"name":"(anonymous_30)","decl":{"start":{"line":572,"column":2},"end":{"line":572,"column":3}},"loc":{"start":{"line":572,"column":56},"end":{"line":574,"column":3}},"line":572},"31":{"name":"(anonymous_31)","decl":{"start":{"line":576,"column":2},"end":{"line":576,"column":3}},"loc":{"start":{"line":576,"column":27},"end":{"line":583,"column":3}},"line":576},"32":{"name":"(anonymous_32)","decl":{"start":{"line":579,"column":25},"end":{"line":579,"column":26}},"loc":{"start":{"line":579,"column":36},"end":{"line":581,"column":5}},"line":579}},"branchMap":{"0":{"loc":{"start":{"line":67,"column":12},"end":{"line":67,"column":50}},"type":"cond-expr","locations":[{"start":{"line":67,"column":27},"end":{"line":67,"column":38}},{"start":{"line":67,"column":41},"end":{"line":67,"column":50}}],"line":67},"1":{"loc":{"start":{"line":74,"column":12},"end":{"line":74,"column":54}},"type":"cond-expr","locations":[{"start":{"line":74,"column":29},"end":{"line":74,"column":42}},{"start":{"line":74,"column":45},"end":{"line":74,"column":54}}],"line":74},"2":{"loc":{"start":{"line":85,"column":12},"end":{"line":85,"column":50}},"type":"cond-expr","locations":[{"start":{"line":85,"column":27},"end":{"line":85,"column":38}},{"start":{"line":85,"column":41},"end":{"line":85,"column":50}}],"line":85},"3":{"loc":{"start":{"line":140,"column":4},"end":{"line":145,"column":5}},"type":"if","locations":[{"start":{"line":140,"column":4},"end":{"line":145,"column":5}},{"start":{"line":143,"column":11},"end":{"line":145,"column":5}}],"line":140},"4":{"loc":{"start":{"line":169,"column":6},"end":{"line":173,"column":7}},"type":"if","locations":[{"start":{"line":169,"column":6},"end":{"line":173,"column":7}},{"start":{},"end":{}}],"line":169},"5":{"loc":{"start":{"line":202,"column":6},"end":{"line":210,"column":7}},"type":"if","locations":[{"start":{"line":202,"column":6},"end":{"line":210,"column":7}},{"start":{},"end":{}}],"line":202},"6":{"loc":{"start":{"line":203,"column":8},"end":{"line":205,"column":29}},"type":"binary-expr","locations":[{"start":{"line":203,"column":8},"end":{"line":203,"column":22}},{"start":{"line":204,"column":8},"end":{"line":204,"column":34}},{"start":{"line":205,"column":8},"end":{"line":205,"column":29}}],"line":203},"7":{"loc":{"start":{"line":234,"column":6},"end":{"line":238,"column":7}},"type":"if","locations":[{"start":{"line":234,"column":6},"end":{"line":238,"column":7}},{"start":{},"end":{}}],"line":234},"8":{"loc":{"start":{"line":311,"column":4},"end":{"line":315,"column":5}},"type":"if","locations":[{"start":{"line":311,"column":4},"end":{"line":315,"column":5}},{"start":{},"end":{}}],"line":311},"9":{"loc":{"start":{"line":311,"column":8},"end":{"line":311,"column":61}},"type":"binary-expr","locations":[{"start":{"line":311,"column":8},"end":{"line":311,"column":27}},{"start":{"line":311,"column":31},"end":{"line":311,"column":61}}],"line":311},"10":{"loc":{"start":{"line":331,"column":6},"end":{"line":335,"column":7}},"type":"if","locations":[{"start":{"line":331,"column":6},"end":{"line":335,"column":7}},{"start":{},"end":{}}],"line":331},"11":{"loc":{"start":{"line":331,"column":10},"end":{"line":331,"column":64}},"type":"binary-expr","locations":[{"start":{"line":331,"column":10},"end":{"line":331,"column":29}},{"start":{"line":331,"column":33},"end":{"line":331,"column":64}}],"line":331},"12":{"loc":{"start":{"line":354,"column":6},"end":{"line":362,"column":7}},"type":"if","locations":[{"start":{"line":354,"column":6},"end":{"line":362,"column":7}},{"start":{},"end":{}}],"line":354},"13":{"loc":{"start":{"line":355,"column":8},"end":{"line":357,"column":34}},"type":"binary-expr","locations":[{"start":{"line":355,"column":8},"end":{"line":355,"column":27}},{"start":{"line":356,"column":8},"end":{"line":356,"column":39}},{"start":{"line":357,"column":8},"end":{"line":357,"column":34}}],"line":355},"14":{"loc":{"start":{"line":392,"column":4},"end":{"line":394,"column":5}},"type":"if","locations":[{"start":{"line":392,"column":4},"end":{"line":394,"column":5}},{"start":{},"end":{}}],"line":392},"15":{"loc":{"start":{"line":395,"column":4},"end":{"line":397,"column":5}},"type":"if","locations":[{"start":{"line":395,"column":4},"end":{"line":397,"column":5}},{"start":{},"end":{}}],"line":395},"16":{"loc":{"start":{"line":401,"column":4},"end":{"line":403,"column":5}},"type":"if","locations":[{"start":{"line":401,"column":4},"end":{"line":403,"column":5}},{"start":{},"end":{}}],"line":401},"17":{"loc":{"start":{"line":443,"column":6},"end":{"line":462,"column":7}},"type":"if","locations":[{"start":{"line":443,"column":6},"end":{"line":462,"column":7}},{"start":{},"end":{}}],"line":443},"18":{"loc":{"start":{"line":470,"column":8},"end":{"line":472,"column":9}},"type":"if","locations":[{"start":{"line":470,"column":8},"end":{"line":472,"column":9}},{"start":{},"end":{}}],"line":470},"19":{"loc":{"start":{"line":475,"column":8},"end":{"line":510,"column":9}},"type":"if","locations":[{"start":{"line":475,"column":8},"end":{"line":510,"column":9}},{"start":{"line":477,"column":15},"end":{"line":510,"column":9}}],"line":475},"20":{"loc":{"start":{"line":485,"column":10},"end":{"line":509,"column":11}},"type":"switch","locations":[{"start":{"line":486,"column":12},"end":{"line":489,"column":19}},{"start":{"line":490,"column":12},"end":{"line":508,"column":15}}],"line":485},"21":{"loc":{"start":{"line":491,"column":14},"end":{"line":508,"column":15}},"type":"switch","locations":[{"start":{"line":492,"column":16},"end":{"line":495,"column":23}},{"start":{"line":497,"column":16},"end":{"line":498,"column":23}},{"start":{"line":500,"column":16},"end":{"line":505,"column":23}},{"start":{"line":506,"column":16},"end":{"line":507,"column":59}}],"line":491},"22":{"loc":{"start":{"line":501,"column":18},"end":{"line":503,"column":19}},"type":"if","locations":[{"start":{"line":501,"column":18},"end":{"line":503,"column":19}},{"start":{},"end":{}}],"line":501}},"s":{"0":1241,"1":1241,"2":1241,"3":1241,"4":1241,"5":1241,"6":7,"7":1241,"8":3,"9":1,"10":33,"11":33,"12":28,"13":5,"14":33,"15":33,"16":33,"17":33,"18":33,"19":33,"20":33,"21":33,"22":25,"23":3,"24":25,"25":25,"26":24,"27":9,"28":9,"29":9,"30":1,"31":9,"32":9,"33":9,"34":33,"35":33,"36":32,"37":32,"38":33,"39":20,"40":26,"41":6,"42":9,"43":9,"44":9,"45":9,"46":23,"47":23,"48":23,"49":23,"50":3,"51":20,"52":9,"53":20,"54":20,"55":20,"56":20,"57":20,"58":17,"59":5,"60":17,"61":17,"62":17,"63":3,"64":1,"65":3,"66":3,"67":3,"68":20,"69":20,"70":23,"71":22,"72":1,"73":21,"74":1,"75":23,"76":1,"77":26,"78":26,"79":26,"80":26,"81":26,"82":26,"83":23,"84":23,"85":23,"86":1,"87":1,"88":1,"89":22,"90":22,"91":22,"92":46,"93":46,"94":5,"95":41,"96":41,"97":28,"98":13,"99":13,"100":13,"101":6,"102":6,"103":6,"104":6,"105":2,"106":2,"107":2,"108":1,"109":2,"110":1,"111":1,"112":1,"113":1,"114":20,"115":20,"116":20,"117":20,"118":5,"119":5,"120":5,"121":5,"122":5,"123":5,"124":272,"125":66,"126":1,"127":1,"128":2,"129":1},"f":{"0":1241,"1":7,"2":3,"3":1,"4":33,"5":33,"6":32,"7":33,"8":20,"9":26,"10":33,"11":25,"12":9,"13":6,"14":9,"15":9,"16":23,"17":20,"18":23,"19":23,"20":20,"21":17,"22":3,"23":26,"24":23,"25":5,"26":26,"27":21,"28":5,"29":272,"30":66,"31":1,"32":2},"b":{"0":[1,1240],"1":[1,1240],"2":[3,1238],"3":[28,5],"4":[3,22],"5":[1,8],"6":[9,8,2],"7":[32,1],"8":[9,11],"9":[20,17],"10":[5,12],"11":[17,14],"12":[1,2],"13":[3,3,3],"14":[1,21],"15":[1,20],"16":[1,22],"17":[1,22],"18":[5,41],"19":[28,13],"20":[6,6],"21":[2,1,2,1],"22":[1,1]},"_coverageSchema":"1a1c01bbd47fc00a2c39e90264f33305004495a9","hash":"7b045b611956a4ac87e2fae830271154d16a4cb0"}
,"/home/ivan/development/fuerte/packages/core/src/collection/LiteCollection.ts": {"path":"/home/ivan/development/fuerte/packages/core/src/collection/LiteCollection.ts","statementMap":{"0":{"start":{"line":25,"column":32},"end":{"line":25,"column":34}},"1":{"start":{"line":27,"column":46},"end":{"line":27,"column":55}},"2":{"start":{"line":29,"column":60},"end":{"line":29,"column":69}},"3":{"start":{"line":33,"column":68},"end":{"line":33,"column":77}},"4":{"start":{"line":36,"column":4},"end":{"line":49,"column":5}},"5":{"start":{"line":51,"column":4},"end":{"line":71,"column":6}},"6":{"start":{"line":75,"column":4},"end":{"line":75,"column":22}},"7":{"start":{"line":80,"column":4},"end":{"line":82,"column":5}},"8":{"start":{"line":81,"column":6},"end":{"line":81,"column":61}},"9":{"start":{"line":91,"column":4},"end":{"line":91,"column":33}},"10":{"start":{"line":100,"column":4},"end":{"line":100,"column":65}},"11":{"start":{"line":109,"column":4},"end":{"line":109,"column":67}},"12":{"start":{"line":121,"column":4},"end":{"line":121,"column":65}},"13":{"start":{"line":144,"column":19},"end":{"line":144,"column":37}},"14":{"start":{"line":146,"column":22},"end":{"line":149,"column":5}},"15":{"start":{"line":150,"column":32},"end":{"line":150,"column":34}},"16":{"start":{"line":152,"column":4},"end":{"line":173,"column":5}},"17":{"start":{"line":153,"column":6},"end":{"line":153,"column":31}},"18":{"start":{"line":155,"column":6},"end":{"line":157,"column":7}},"19":{"start":{"line":156,"column":8},"end":{"line":156,"column":16}},"20":{"start":{"line":159,"column":6},"end":{"line":159,"column":27}},"21":{"start":{"line":167,"column":6},"end":{"line":167,"column":31}},"22":{"start":{"line":170,"column":6},"end":{"line":170,"column":29}},"23":{"start":{"line":172,"column":6},"end":{"line":172,"column":25}},"24":{"start":{"line":176,"column":4},"end":{"line":189,"column":5}},"25":{"start":{"line":177,"column":6},"end":{"line":177,"column":37}},"26":{"start":{"line":178,"column":11},"end":{"line":189,"column":5}},"27":{"start":{"line":179,"column":6},"end":{"line":179,"column":40}},"28":{"start":{"line":182,"column":6},"end":{"line":187,"column":7}},"29":{"start":{"line":186,"column":8},"end":{"line":186,"column":56}},"30":{"start":{"line":188,"column":6},"end":{"line":188,"column":68}},"31":{"start":{"line":191,"column":4},"end":{"line":191,"column":58}},"32":{"start":{"line":195,"column":18},"end":{"line":195,"column":49}},"33":{"start":{"line":196,"column":23},"end":{"line":196,"column":28}},"34":{"start":{"line":197,"column":23},"end":{"line":197,"column":37}},"35":{"start":{"line":199,"column":4},"end":{"line":201,"column":5}},"36":{"start":{"line":200,"column":6},"end":{"line":200,"column":59}},"37":{"start":{"line":203,"column":4},"end":{"line":203,"column":33}},"38":{"start":{"line":207,"column":4},"end":{"line":207,"column":41}},"39":{"start":{"line":208,"column":23},"end":{"line":208,"column":37}},"40":{"start":{"line":209,"column":4},"end":{"line":211,"column":5}},"41":{"start":{"line":210,"column":6},"end":{"line":210,"column":49}},"42":{"start":{"line":213,"column":23},"end":{"line":219,"column":5}},"43":{"start":{"line":214,"column":12},"end":{"line":214,"column":26}},"44":{"start":{"line":216,"column":8},"end":{"line":216,"column":46}},"45":{"start":{"line":220,"column":4},"end":{"line":220,"column":57}},"46":{"start":{"line":224,"column":4},"end":{"line":224,"column":37}},"47":{"start":{"line":225,"column":4},"end":{"line":225,"column":47}},"48":{"start":{"line":227,"column":21},"end":{"line":227,"column":62}},"49":{"start":{"line":228,"column":4},"end":{"line":228,"column":32}},"50":{"start":{"line":232,"column":18},"end":{"line":232,"column":46}},"51":{"start":{"line":234,"column":4},"end":{"line":234,"column":43}},"52":{"start":{"line":238,"column":20},"end":{"line":238,"column":39}},"53":{"start":{"line":239,"column":19},"end":{"line":239,"column":21}},"54":{"start":{"line":240,"column":4},"end":{"line":245,"column":5}},"55":{"start":{"line":241,"column":20},"end":{"line":241,"column":45}},"56":{"start":{"line":242,"column":6},"end":{"line":244,"column":7}},"57":{"start":{"line":243,"column":8},"end":{"line":243,"column":26}},"58":{"start":{"line":247,"column":4},"end":{"line":247,"column":17}},"59":{"start":{"line":251,"column":19},"end":{"line":251,"column":37}},"60":{"start":{"line":252,"column":4},"end":{"line":258,"column":5}},"61":{"start":{"line":253,"column":6},"end":{"line":255,"column":8}},"62":{"start":{"line":254,"column":8},"end":{"line":254,"column":20}},"63":{"start":{"line":257,"column":6},"end":{"line":257,"column":19}},"64":{"start":{"line":260,"column":4},"end":{"line":260,"column":41}},"65":{"start":{"line":268,"column":4},"end":{"line":270,"column":5}},"66":{"start":{"line":269,"column":6},"end":{"line":269,"column":35}},"67":{"start":{"line":272,"column":4},"end":{"line":272,"column":32}},"68":{"start":{"line":276,"column":4},"end":{"line":276,"column":48}},"69":{"start":{"line":280,"column":4},"end":{"line":282,"column":6}},"70":{"start":{"line":281,"column":6},"end":{"line":281,"column":24}},"71":{"start":{"line":286,"column":4},"end":{"line":288,"column":6}},"72":{"start":{"line":287,"column":6},"end":{"line":287,"column":28}},"73":{"start":{"line":292,"column":4},"end":{"line":292,"column":44}},"74":{"start":{"line":296,"column":4},"end":{"line":296,"column":51}},"75":{"start":{"line":296,"column":38},"end":{"line":296,"column":50}},"76":{"start":{"line":300,"column":4},"end":{"line":300,"column":49}},"77":{"start":{"line":300,"column":38},"end":{"line":300,"column":48}},"78":{"start":{"line":304,"column":4},"end":{"line":309,"column":5}},"79":{"start":{"line":305,"column":6},"end":{"line":308,"column":17}},"80":{"start":{"line":311,"column":4},"end":{"line":311,"column":20}},"81":{"start":{"line":315,"column":4},"end":{"line":317,"column":5}},"82":{"start":{"line":316,"column":6},"end":{"line":316,"column":72}},"83":{"start":{"line":319,"column":4},"end":{"line":319,"column":20}},"84":{"start":{"line":323,"column":4},"end":{"line":325,"column":5}},"85":{"start":{"line":324,"column":6},"end":{"line":324,"column":22}},"86":{"start":{"line":326,"column":18},"end":{"line":326,"column":37}},"87":{"start":{"line":328,"column":4},"end":{"line":328,"column":61}},"88":{"start":{"line":339,"column":21},"end":{"line":339,"column":43}},"89":{"start":{"line":340,"column":35},"end":{"line":340,"column":43}},"90":{"start":{"line":341,"column":4},"end":{"line":347,"column":5}},"91":{"start":{"line":342,"column":6},"end":{"line":346,"column":7}},"92":{"start":{"line":343,"column":8},"end":{"line":343,"column":24}},"93":{"start":{"line":345,"column":8},"end":{"line":345,"column":24}},"94":{"start":{"line":350,"column":4},"end":{"line":350,"column":51}},"95":{"start":{"line":367,"column":22},"end":{"line":371,"column":5}},"96":{"start":{"line":369,"column":8},"end":{"line":369,"column":24}},"97":{"start":{"line":373,"column":30},"end":{"line":373,"column":32}},"98":{"start":{"line":374,"column":25},"end":{"line":374,"column":44}},"99":{"start":{"line":376,"column":26},"end":{"line":384,"column":5}},"100":{"start":{"line":377,"column":6},"end":{"line":377,"column":21}},"101":{"start":{"line":378,"column":6},"end":{"line":378,"column":26}},"102":{"start":{"line":379,"column":6},"end":{"line":379,"column":27}},"103":{"start":{"line":380,"column":6},"end":{"line":382,"column":7}},"104":{"start":{"line":381,"column":8},"end":{"line":381,"column":19}},"105":{"start":{"line":383,"column":6},"end":{"line":383,"column":23}},"106":{"start":{"line":386,"column":4},"end":{"line":412,"column":5}},"107":{"start":{"line":387,"column":6},"end":{"line":396,"column":7}},"108":{"start":{"line":387,"column":19},"end":{"line":387,"column":20}},"109":{"start":{"line":388,"column":22},"end":{"line":388,"column":37}},"110":{"start":{"line":389,"column":8},"end":{"line":389,"column":33}},"111":{"start":{"line":390,"column":29},"end":{"line":390,"column":53}},"112":{"start":{"line":391,"column":8},"end":{"line":395,"column":9}},"113":{"start":{"line":392,"column":10},"end":{"line":392,"column":35}},"114":{"start":{"line":393,"column":10},"end":{"line":393,"column":30}},"115":{"start":{"line":394,"column":10},"end":{"line":394,"column":15}},"116":{"start":{"line":399,"column":27},"end":{"line":399,"column":29}},"117":{"start":{"line":400,"column":6},"end":{"line":409,"column":7}},"118":{"start":{"line":400,"column":19},"end":{"line":400,"column":20}},"119":{"start":{"line":401,"column":22},"end":{"line":401,"column":37}},"120":{"start":{"line":402,"column":8},"end":{"line":402,"column":33}},"121":{"start":{"line":403,"column":29},"end":{"line":403,"column":53}},"122":{"start":{"line":404,"column":8},"end":{"line":408,"column":9}},"123":{"start":{"line":405,"column":10},"end":{"line":405,"column":30}},"124":{"start":{"line":407,"column":10},"end":{"line":407,"column":34}},"125":{"start":{"line":411,"column":6},"end":{"line":411,"column":33}},"126":{"start":{"line":414,"column":4},"end":{"line":414,"column":54}},"127":{"start":{"line":418,"column":4},"end":{"line":418,"column":32}},"128":{"start":{"line":422,"column":4},"end":{"line":422,"column":30}},"129":{"start":{"line":430,"column":4},"end":{"line":433,"column":5}},"130":{"start":{"line":437,"column":4},"end":{"line":444,"column":10}},"131":{"start":{"line":438,"column":21},"end":{"line":438,"column":34}},"132":{"start":{"line":439,"column":6},"end":{"line":441,"column":7}},"133":{"start":{"line":440,"column":8},"end":{"line":440,"column":24}},"134":{"start":{"line":443,"column":6},"end":{"line":443,"column":16}},"135":{"start":{"line":453,"column":4},"end":{"line":459,"column":5}},"136":{"start":{"line":454,"column":22},"end":{"line":454,"column":69}},"137":{"start":{"line":456,"column":6},"end":{"line":456,"column":31}},"138":{"start":{"line":458,"column":6},"end":{"line":458,"column":26}},"139":{"start":{"line":461,"column":34},"end":{"line":461,"column":36}},"140":{"start":{"line":462,"column":4},"end":{"line":472,"column":5}},"141":{"start":{"line":463,"column":27},"end":{"line":463,"column":60}},"142":{"start":{"line":465,"column":6},"end":{"line":467,"column":7}},"143":{"start":{"line":466,"column":8},"end":{"line":466,"column":16}},"144":{"start":{"line":469,"column":20},"end":{"line":469,"column":52}},"145":{"start":{"line":471,"column":6},"end":{"line":471,"column":29}},"146":{"start":{"line":474,"column":20},"end":{"line":474,"column":67}},"147":{"start":{"line":475,"column":18},"end":{"line":477,"column":6}},"148":{"start":{"line":479,"column":4},"end":{"line":479,"column":32}},"149":{"start":{"line":481,"column":4},"end":{"line":481,"column":27}},"150":{"start":{"line":485,"column":4},"end":{"line":485,"column":50}},"151":{"start":{"line":493,"column":4},"end":{"line":493,"column":15}},"152":{"start":{"line":497,"column":4},"end":{"line":497,"column":20}},"153":{"start":{"line":499,"column":4},"end":{"line":499,"column":62}},"154":{"start":{"line":499,"column":52},"end":{"line":499,"column":61}},"155":{"start":{"line":501,"column":4},"end":{"line":503,"column":6}},"156":{"start":{"line":502,"column":6},"end":{"line":502,"column":31}}},"fnMap":{"0":{"name":"(anonymous_0)","decl":{"start":{"line":35,"column":2},"end":{"line":35,"column":3}},"loc":{"start":{"line":35,"column":74},"end":{"line":72,"column":3}},"line":35},"1":{"name":"(anonymous_1)","decl":{"start":{"line":74,"column":2},"end":{"line":74,"column":3}},"loc":{"start":{"line":74,"column":44},"end":{"line":76,"column":3}},"line":74},"2":{"name":"(anonymous_2)","decl":{"start":{"line":78,"column":2},"end":{"line":78,"column":3}},"loc":{"start":{"line":78,"column":67},"end":{"line":83,"column":3}},"line":78},"3":{"name":"(anonymous_3)","decl":{"start":{"line":89,"column":2},"end":{"line":89,"column":3}},"loc":{"start":{"line":89,"column":64},"end":{"line":92,"column":3}},"line":89},"4":{"name":"(anonymous_4)","decl":{"start":{"line":98,"column":2},"end":{"line":98,"column":3}},"loc":{"start":{"line":98,"column":63},"end":{"line":101,"column":3}},"line":98},"5":{"name":"(anonymous_5)","decl":{"start":{"line":107,"column":2},"end":{"line":107,"column":3}},"loc":{"start":{"line":107,"column":67},"end":{"line":110,"column":3}},"line":107},"6":{"name":"(anonymous_6)","decl":{"start":{"line":116,"column":2},"end":{"line":116,"column":3}},"loc":{"start":{"line":119,"column":35},"end":{"line":122,"column":3}},"line":119},"7":{"name":"(anonymous_7)","decl":{"start":{"line":138,"column":2},"end":{"line":138,"column":3}},"loc":{"start":{"line":143,"column":35},"end":{"line":192,"column":3}},"line":143},"8":{"name":"(anonymous_8)","decl":{"start":{"line":194,"column":2},"end":{"line":194,"column":3}},"loc":{"start":{"line":194,"column":47},"end":{"line":204,"column":3}},"line":194},"9":{"name":"(anonymous_9)","decl":{"start":{"line":206,"column":2},"end":{"line":206,"column":3}},"loc":{"start":{"line":206,"column":47},"end":{"line":221,"column":3}},"line":206},"10":{"name":"(anonymous_10)","decl":{"start":{"line":214,"column":6},"end":{"line":214,"column":7}},"loc":{"start":{"line":214,"column":12},"end":{"line":214,"column":26}},"line":214},"11":{"name":"(anonymous_11)","decl":{"start":{"line":215,"column":6},"end":{"line":215,"column":7}},"loc":{"start":{"line":215,"column":17},"end":{"line":217,"column":7}},"line":215},"12":{"name":"(anonymous_12)","decl":{"start":{"line":223,"column":2},"end":{"line":223,"column":3}},"loc":{"start":{"line":223,"column":46},"end":{"line":229,"column":3}},"line":223},"13":{"name":"(anonymous_13)","decl":{"start":{"line":231,"column":2},"end":{"line":231,"column":3}},"loc":{"start":{"line":231,"column":57},"end":{"line":235,"column":3}},"line":231},"14":{"name":"(anonymous_14)","decl":{"start":{"line":237,"column":2},"end":{"line":237,"column":3}},"loc":{"start":{"line":237,"column":63},"end":{"line":248,"column":3}},"line":237},"15":{"name":"(anonymous_15)","decl":{"start":{"line":250,"column":2},"end":{"line":250,"column":3}},"loc":{"start":{"line":250,"column":62},"end":{"line":261,"column":3}},"line":250},"16":{"name":"(anonymous_16)","decl":{"start":{"line":253,"column":18},"end":{"line":253,"column":19}},"loc":{"start":{"line":253,"column":37},"end":{"line":255,"column":7}},"line":253},"17":{"name":"(anonymous_17)","decl":{"start":{"line":267,"column":2},"end":{"line":267,"column":3}},"loc":{"start":{"line":267,"column":64},"end":{"line":273,"column":3}},"line":267},"18":{"name":"(anonymous_18)","decl":{"start":{"line":275,"column":2},"end":{"line":275,"column":3}},"loc":{"start":{"line":275,"column":38},"end":{"line":277,"column":3}},"line":275},"19":{"name":"(anonymous_19)","decl":{"start":{"line":279,"column":2},"end":{"line":279,"column":3}},"loc":{"start":{"line":279,"column":22},"end":{"line":283,"column":3}},"line":279},"20":{"name":"(anonymous_20)","decl":{"start":{"line":280,"column":30},"end":{"line":280,"column":31}},"loc":{"start":{"line":280,"column":41},"end":{"line":282,"column":5}},"line":280},"21":{"name":"(anonymous_21)","decl":{"start":{"line":285,"column":2},"end":{"line":285,"column":3}},"loc":{"start":{"line":285,"column":26},"end":{"line":289,"column":3}},"line":285},"22":{"name":"(anonymous_22)","decl":{"start":{"line":286,"column":30},"end":{"line":286,"column":31}},"loc":{"start":{"line":286,"column":41},"end":{"line":288,"column":5}},"line":286},"23":{"name":"(anonymous_23)","decl":{"start":{"line":291,"column":2},"end":{"line":291,"column":3}},"loc":{"start":{"line":291,"column":26},"end":{"line":293,"column":3}},"line":291},"24":{"name":"(anonymous_24)","decl":{"start":{"line":295,"column":2},"end":{"line":295,"column":3}},"loc":{"start":{"line":295,"column":27},"end":{"line":297,"column":3}},"line":295},"25":{"name":"(anonymous_25)","decl":{"start":{"line":296,"column":31},"end":{"line":296,"column":32}},"loc":{"start":{"line":296,"column":38},"end":{"line":296,"column":50}},"line":296},"26":{"name":"(anonymous_26)","decl":{"start":{"line":299,"column":2},"end":{"line":299,"column":3}},"loc":{"start":{"line":299,"column":25},"end":{"line":301,"column":3}},"line":299},"27":{"name":"(anonymous_27)","decl":{"start":{"line":300,"column":31},"end":{"line":300,"column":32}},"loc":{"start":{"line":300,"column":38},"end":{"line":300,"column":48}},"line":300},"28":{"name":"(anonymous_28)","decl":{"start":{"line":303,"column":2},"end":{"line":303,"column":3}},"loc":{"start":{"line":303,"column":49},"end":{"line":312,"column":3}},"line":303},"29":{"name":"(anonymous_29)","decl":{"start":{"line":314,"column":2},"end":{"line":314,"column":3}},"loc":{"start":{"line":314,"column":51},"end":{"line":320,"column":3}},"line":314},"30":{"name":"(anonymous_30)","decl":{"start":{"line":322,"column":2},"end":{"line":322,"column":3}},"loc":{"start":{"line":322,"column":74},"end":{"line":329,"column":3}},"line":322},"31":{"name":"(anonymous_31)","decl":{"start":{"line":335,"column":2},"end":{"line":335,"column":3}},"loc":{"start":{"line":338,"column":35},"end":{"line":351,"column":3}},"line":338},"32":{"name":"(anonymous_32)","decl":{"start":{"line":363,"column":2},"end":{"line":363,"column":3}},"loc":{"start":{"line":366,"column":35},"end":{"line":415,"column":3}},"line":366},"33":{"name":"(anonymous_33)","decl":{"start":{"line":368,"column":29},"end":{"line":368,"column":30}},"loc":{"start":{"line":368,"column":40},"end":{"line":370,"column":7}},"line":368},"34":{"name":"(anonymous_34)","decl":{"start":{"line":376,"column":26},"end":{"line":376,"column":27}},"loc":{"start":{"line":376,"column":47},"end":{"line":384,"column":5}},"line":376},"35":{"name":"(anonymous_35)","decl":{"start":{"line":417,"column":2},"end":{"line":417,"column":3}},"loc":{"start":{"line":417,"column":47},"end":{"line":419,"column":3}},"line":417},"36":{"name":"(anonymous_36)","decl":{"start":{"line":421,"column":2},"end":{"line":421,"column":3}},"loc":{"start":{"line":421,"column":45},"end":{"line":423,"column":3}},"line":421},"37":{"name":"(anonymous_37)","decl":{"start":{"line":425,"column":2},"end":{"line":425,"column":3}},"loc":{"start":{"line":425,"column":43},"end":{"line":425,"column":45}},"line":425},"38":{"name":"(anonymous_38)","decl":{"start":{"line":427,"column":2},"end":{"line":427,"column":3}},"loc":{"start":{"line":427,"column":41},"end":{"line":427,"column":43}},"line":427},"39":{"name":"(anonymous_39)","decl":{"start":{"line":429,"column":2},"end":{"line":429,"column":3}},"loc":{"start":{"line":429,"column":19},"end":{"line":434,"column":3}},"line":429},"40":{"name":"(anonymous_40)","decl":{"start":{"line":436,"column":2},"end":{"line":436,"column":3}},"loc":{"start":{"line":436,"column":37},"end":{"line":445,"column":3}},"line":436},"41":{"name":"(anonymous_41)","decl":{"start":{"line":437,"column":38},"end":{"line":437,"column":39}},"loc":{"start":{"line":437,"column":54},"end":{"line":444,"column":5}},"line":437},"42":{"name":"(anonymous_42)","decl":{"start":{"line":447,"column":2},"end":{"line":447,"column":3}},"loc":{"start":{"line":447,"column":31},"end":{"line":447,"column":33}},"line":447},"43":{"name":"(anonymous_43)","decl":{"start":{"line":449,"column":2},"end":{"line":449,"column":3}},"loc":{"start":{"line":452,"column":25},"end":{"line":482,"column":3}},"line":452},"44":{"name":"(anonymous_44)","decl":{"start":{"line":484,"column":2},"end":{"line":484,"column":3}},"loc":{"start":{"line":484,"column":71},"end":{"line":486,"column":3}},"line":484},"45":{"name":"(anonymous_45)","decl":{"start":{"line":488,"column":2},"end":{"line":488,"column":3}},"loc":{"start":{"line":488,"column":64},"end":{"line":488,"column":66}},"line":488},"46":{"name":"(anonymous_46)","decl":{"start":{"line":490,"column":2},"end":{"line":490,"column":3}},"loc":{"start":{"line":492,"column":36},"end":{"line":494,"column":3}},"line":492},"47":{"name":"(anonymous_47)","decl":{"start":{"line":496,"column":2},"end":{"line":496,"column":3}},"loc":{"start":{"line":496,"column":18},"end":{"line":504,"column":3}},"line":496},"48":{"name":"(anonymous_48)","decl":{"start":{"line":499,"column":39},"end":{"line":499,"column":40}},"loc":{"start":{"line":499,"column":52},"end":{"line":499,"column":61}},"line":499},"49":{"name":"(anonymous_49)","decl":{"start":{"line":501,"column":25},"end":{"line":501,"column":26}},"loc":{"start":{"line":501,"column":36},"end":{"line":503,"column":5}},"line":501},"50":{"name":"(anonymous_50)","decl":{"start":{"line":506,"column":2},"end":{"line":506,"column":3}},"loc":{"start":{"line":506,"column":30},"end":{"line":506,"column":32}},"line":506}},"branchMap":{"0":{"loc":{"start":{"line":39,"column":12},"end":{"line":39,"column":48}},"type":"cond-expr","locations":[{"start":{"line":39,"column":26},"end":{"line":39,"column":36}},{"start":{"line":39,"column":39},"end":{"line":39,"column":48}}],"line":39},"1":{"loc":{"start":{"line":43,"column":12},"end":{"line":43,"column":54}},"type":"cond-expr","locations":[{"start":{"line":43,"column":29},"end":{"line":43,"column":42}},{"start":{"line":43,"column":45},"end":{"line":43,"column":54}}],"line":43},"2":{"loc":{"start":{"line":47,"column":12},"end":{"line":47,"column":52}},"type":"cond-expr","locations":[{"start":{"line":47,"column":28},"end":{"line":47,"column":40}},{"start":{"line":47,"column":43},"end":{"line":47,"column":52}}],"line":47},"3":{"loc":{"start":{"line":80,"column":4},"end":{"line":82,"column":5}},"type":"if","locations":[{"start":{"line":80,"column":4},"end":{"line":82,"column":5}},{"start":{},"end":{}}],"line":80},"4":{"loc":{"start":{"line":155,"column":6},"end":{"line":157,"column":7}},"type":"if","locations":[{"start":{"line":155,"column":6},"end":{"line":157,"column":7}},{"start":{},"end":{}}],"line":155},"5":{"loc":{"start":{"line":176,"column":4},"end":{"line":189,"column":5}},"type":"if","locations":[{"start":{"line":176,"column":4},"end":{"line":189,"column":5}},{"start":{"line":178,"column":11},"end":{"line":189,"column":5}}],"line":176},"6":{"loc":{"start":{"line":178,"column":11},"end":{"line":189,"column":5}},"type":"if","locations":[{"start":{"line":178,"column":11},"end":{"line":189,"column":5}},{"start":{"line":180,"column":11},"end":{"line":189,"column":5}}],"line":178},"7":{"loc":{"start":{"line":182,"column":6},"end":{"line":187,"column":7}},"type":"if","locations":[{"start":{"line":182,"column":6},"end":{"line":187,"column":7}},{"start":{},"end":{}}],"line":182},"8":{"loc":{"start":{"line":183,"column":8},"end":{"line":184,"column":36}},"type":"binary-expr","locations":[{"start":{"line":183,"column":8},"end":{"line":183,"column":54}},{"start":{"line":184,"column":8},"end":{"line":184,"column":36}}],"line":183},"9":{"loc":{"start":{"line":191,"column":11},"end":{"line":191,"column":58}},"type":"cond-expr","locations":[{"start":{"line":191,"column":34},"end":{"line":191,"column":43}},{"start":{"line":191,"column":46},"end":{"line":191,"column":58}}],"line":191},"10":{"loc":{"start":{"line":199,"column":4},"end":{"line":201,"column":5}},"type":"if","locations":[{"start":{"line":199,"column":4},"end":{"line":201,"column":5}},{"start":{},"end":{}}],"line":199},"11":{"loc":{"start":{"line":203,"column":11},"end":{"line":203,"column":33}},"type":"binary-expr","locations":[{"start":{"line":203,"column":11},"end":{"line":203,"column":16}},{"start":{"line":203,"column":20},"end":{"line":203,"column":33}}],"line":203},"12":{"loc":{"start":{"line":209,"column":4},"end":{"line":211,"column":5}},"type":"if","locations":[{"start":{"line":209,"column":4},"end":{"line":211,"column":5}},{"start":{},"end":{}}],"line":209},"13":{"loc":{"start":{"line":228,"column":4},"end":{"line":228,"column":32}},"type":"cond-expr","locations":[{"start":{"line":228,"column":15},"end":{"line":228,"column":25}},{"start":{"line":228,"column":28},"end":{"line":228,"column":32}}],"line":228},"14":{"loc":{"start":{"line":234,"column":11},"end":{"line":234,"column":43}},"type":"binary-expr","locations":[{"start":{"line":234,"column":11},"end":{"line":234,"column":16}},{"start":{"line":234,"column":20},"end":{"line":234,"column":43}}],"line":234},"15":{"loc":{"start":{"line":242,"column":6},"end":{"line":244,"column":7}},"type":"if","locations":[{"start":{"line":242,"column":6},"end":{"line":244,"column":7}},{"start":{},"end":{}}],"line":242},"16":{"loc":{"start":{"line":252,"column":4},"end":{"line":258,"column":5}},"type":"if","locations":[{"start":{"line":252,"column":4},"end":{"line":258,"column":5}},{"start":{"line":256,"column":11},"end":{"line":258,"column":5}}],"line":252},"17":{"loc":{"start":{"line":268,"column":4},"end":{"line":270,"column":5}},"type":"if","locations":[{"start":{"line":268,"column":4},"end":{"line":270,"column":5}},{"start":{},"end":{}}],"line":268},"18":{"loc":{"start":{"line":304,"column":4},"end":{"line":309,"column":5}},"type":"if","locations":[{"start":{"line":304,"column":4},"end":{"line":309,"column":5}},{"start":{},"end":{}}],"line":304},"19":{"loc":{"start":{"line":315,"column":4},"end":{"line":317,"column":5}},"type":"if","locations":[{"start":{"line":315,"column":4},"end":{"line":317,"column":5}},{"start":{},"end":{}}],"line":315},"20":{"loc":{"start":{"line":323,"column":4},"end":{"line":325,"column":5}},"type":"if","locations":[{"start":{"line":323,"column":4},"end":{"line":325,"column":5}},{"start":{},"end":{}}],"line":323},"21":{"loc":{"start":{"line":323,"column":8},"end":{"line":323,"column":49}},"type":"binary-expr","locations":[{"start":{"line":323,"column":8},"end":{"line":323,"column":17}},{"start":{"line":323,"column":21},"end":{"line":323,"column":49}}],"line":323},"22":{"loc":{"start":{"line":341,"column":4},"end":{"line":347,"column":5}},"type":"if","locations":[{"start":{"line":341,"column":4},"end":{"line":347,"column":5}},{"start":{},"end":{}}],"line":341},"23":{"loc":{"start":{"line":342,"column":6},"end":{"line":346,"column":7}},"type":"if","locations":[{"start":{"line":342,"column":6},"end":{"line":346,"column":7}},{"start":{"line":344,"column":13},"end":{"line":346,"column":7}}],"line":342},"24":{"loc":{"start":{"line":380,"column":6},"end":{"line":382,"column":7}},"type":"if","locations":[{"start":{"line":380,"column":6},"end":{"line":382,"column":7}},{"start":{},"end":{}}],"line":380},"25":{"loc":{"start":{"line":386,"column":4},"end":{"line":412,"column":5}},"type":"if","locations":[{"start":{"line":386,"column":4},"end":{"line":412,"column":5}},{"start":{"line":397,"column":11},"end":{"line":412,"column":5}}],"line":386},"26":{"loc":{"start":{"line":391,"column":8},"end":{"line":395,"column":9}},"type":"if","locations":[{"start":{"line":391,"column":8},"end":{"line":395,"column":9}},{"start":{},"end":{}}],"line":391},"27":{"loc":{"start":{"line":404,"column":8},"end":{"line":408,"column":9}},"type":"if","locations":[{"start":{"line":404,"column":8},"end":{"line":408,"column":9}},{"start":{"line":406,"column":15},"end":{"line":408,"column":9}}],"line":404},"28":{"loc":{"start":{"line":414,"column":11},"end":{"line":414,"column":54}},"type":"cond-expr","locations":[{"start":{"line":414,"column":34},"end":{"line":414,"column":41}},{"start":{"line":414,"column":44},"end":{"line":414,"column":54}}],"line":414},"29":{"loc":{"start":{"line":439,"column":6},"end":{"line":441,"column":7}},"type":"if","locations":[{"start":{"line":439,"column":6},"end":{"line":441,"column":7}},{"start":{},"end":{}}],"line":439},"30":{"loc":{"start":{"line":453,"column":4},"end":{"line":459,"column":5}},"type":"if","locations":[{"start":{"line":453,"column":4},"end":{"line":459,"column":5}},{"start":{},"end":{}}],"line":453},"31":{"loc":{"start":{"line":465,"column":6},"end":{"line":467,"column":7}},"type":"if","locations":[{"start":{"line":465,"column":6},"end":{"line":467,"column":7}},{"start":{},"end":{}}],"line":465}},"s":{"0":1243,"1":1243,"2":1243,"3":1243,"4":1243,"5":1243,"6":0,"7":390,"8":1,"9":3,"10":94,"11":2,"12":3,"13":159,"14":159,"15":159,"16":159,"17":299,"18":298,"19":24,"20":274,"21":274,"22":274,"23":273,"24":157,"25":151,"26":6,"27":3,"28":3,"29":2,"30":1,"31":155,"32":341,"33":341,"34":341,"35":341,"36":138,"37":341,"38":274,"39":274,"40":274,"41":93,"42":274,"43":278,"44":4,"45":274,"46":64,"47":64,"48":64,"49":64,"50":60,"51":60,"52":32,"53":32,"54":32,"55":28,"56":28,"57":24,"58":32,"59":1117,"60":1117,"61":1,"62":1,"63":1116,"64":1117,"65":11,"66":2,"67":9,"68":89,"69":1,"70":2,"71":1,"72":1,"73":2,"74":0,"75":0,"76":0,"77":0,"78":2,"79":1,"80":1,"81":2,"82":1,"83":1,"84":2,"85":1,"86":1,"87":1,"88":30,"89":30,"90":30,"91":7,"92":2,"93":5,"94":28,"95":55,"96":64,"97":55,"98":55,"99":55,"100":64,"101":64,"102":64,"103":64,"104":29,"105":64,"106":55,"107":27,"108":27,"109":29,"110":29,"111":29,"112":29,"113":27,"114":27,"115":27,"116":28,"117":28,"118":28,"119":57,"120":57,"121":57,"122":57,"123":37,"124":20,"125":28,"126":55,"127":0,"128":2,"129":1,"130":1,"131":2,"132":2,"133":2,"134":2,"135":9,"136":1,"137":1,"138":1,"139":8,"140":8,"141":36,"142":36,"143":5,"144":31,"145":31,"146":8,"147":8,"148":8,"149":8,"150":8,"151":70,"152":1,"153":1,"154":2,"155":1,"156":2},"f":{"0":1243,"1":0,"2":390,"3":3,"4":94,"5":2,"6":3,"7":159,"8":341,"9":274,"10":278,"11":4,"12":64,"13":60,"14":32,"15":1117,"16":1,"17":11,"18":89,"19":1,"20":2,"21":1,"22":1,"23":2,"24":0,"25":0,"26":0,"27":0,"28":2,"29":2,"30":2,"31":30,"32":55,"33":64,"34":64,"35":0,"36":2,"37":64,"38":273,"39":1,"40":1,"41":2,"42":1,"43":9,"44":8,"45":9,"46":70,"47":1,"48":2,"49":2,"50":1},"b":{"0":[1,1242],"1":[0,1243],"2":[0,1243],"3":[1,389],"4":[24,274],"5":[151,6],"6":[3,3],"7":[2,1],"8":[3,2],"9":[63,92],"10":[138,203],"11":[341,318],"12":[93,181],"13":[64,0],"14":[60,50],"15":[24,4],"16":[1,1116],"17":[2,9],"18":[1,1],"19":[1,1],"20":[1,1],"21":[2,2],"22":[7,23],"23":[2,5],"24":[29,35],"25":[27,28],"26":[27,2],"27":[37,20],"28":[32,23],"29":[2,0],"30":[1,8],"31":[5,31]},"_coverageSchema":"1a1c01bbd47fc00a2c39e90264f33305004495a9","hash":"ac20f8951ccfdda35850b88ff9f200572a7b2b91"}
,"/home/ivan/development/fuerte/packages/core/src/collection/collection-config.ts": {"path":"/home/ivan/development/fuerte/packages/core/src/collection/collection-config.ts","statementMap":{"0":{"start":{"line":1,"column":38},"end":{"line":5,"column":10}},"1":{"start":{"line":7,"column":34},"end":{"line":11,"column":10}}},"fnMap":{},"branchMap":{},"s":{"0":1,"1":1},"f":{},"b":{},"_coverageSchema":"1a1c01bbd47fc00a2c39e90264f33305004495a9","hash":"95d18228e3c8f01107492bd1b9dc823037416ad5"}
,"/home/ivan/development/fuerte/packages/core/src/model/Model.ts": {"path":"/home/ivan/development/fuerte/packages/core/src/model/Model.ts","statementMap":{"0":{"start":{"line":32,"column":23},"end":{"line":32,"column":28}},"1":{"start":{"line":34,"column":35},"end":{"line":34,"column":40}},"2":{"start":{"line":40,"column":43},"end":{"line":43,"column":3}},"3":{"start":{"line":45,"column":25},"end":{"line":45,"column":30}},"4":{"start":{"line":47,"column":24},"end":{"line":47,"column":29}},"5":{"start":{"line":49,"column":26},"end":{"line":49,"column":31}},"6":{"start":{"line":51,"column":27},"end":{"line":51,"column":32}},"7":{"start":{"line":53,"column":27},"end":{"line":53,"column":32}},"8":{"start":{"line":57,"column":26},"end":{"line":57,"column":31}},"9":{"start":{"line":66,"column":45},"end":{"line":66,"column":54}},"10":{"start":{"line":69,"column":4},"end":{"line":69,"column":57}},"11":{"start":{"line":73,"column":4},"end":{"line":73,"column":23}},"12":{"start":{"line":75,"column":4},"end":{"line":123,"column":6}},"13":{"start":{"line":128,"column":4},"end":{"line":128,"column":32}},"14":{"start":{"line":128,"column":26},"end":{"line":128,"column":32}},"15":{"start":{"line":129,"column":4},"end":{"line":129,"column":59}},"16":{"start":{"line":130,"column":4},"end":{"line":130,"column":37}},"17":{"start":{"line":131,"column":4},"end":{"line":131,"column":27}},"18":{"start":{"line":136,"column":4},"end":{"line":136,"column":30}},"19":{"start":{"line":141,"column":4},"end":{"line":141,"column":27}},"20":{"start":{"line":147,"column":4},"end":{"line":149,"column":6}},"21":{"start":{"line":148,"column":6},"end":{"line":148,"column":25}},"22":{"start":{"line":153,"column":4},"end":{"line":153,"column":53}},"23":{"start":{"line":157,"column":4},"end":{"line":157,"column":27}},"24":{"start":{"line":161,"column":4},"end":{"line":161,"column":29}},"25":{"start":{"line":166,"column":4},"end":{"line":168,"column":5}},"26":{"start":{"line":167,"column":6},"end":{"line":167,"column":71}},"27":{"start":{"line":169,"column":4},"end":{"line":172,"column":5}},"28":{"start":{"line":171,"column":6},"end":{"line":171,"column":34}},"29":{"start":{"line":173,"column":4},"end":{"line":173,"column":36}},"30":{"start":{"line":180,"column":4},"end":{"line":180,"column":38}},"31":{"start":{"line":181,"column":4},"end":{"line":184,"column":5}},"32":{"start":{"line":183,"column":6},"end":{"line":183,"column":33}},"33":{"start":{"line":190,"column":4},"end":{"line":190,"column":26}},"34":{"start":{"line":194,"column":4},"end":{"line":194,"column":43}},"35":{"start":{"line":198,"column":4},"end":{"line":198,"column":27}},"36":{"start":{"line":202,"column":4},"end":{"line":202,"column":25}},"37":{"start":{"line":206,"column":4},"end":{"line":206,"column":28}},"38":{"start":{"line":219,"column":4},"end":{"line":219,"column":25}},"39":{"start":{"line":220,"column":4},"end":{"line":223,"column":5}},"40":{"start":{"line":224,"column":4},"end":{"line":224,"column":32}},"41":{"start":{"line":225,"column":4},"end":{"line":225,"column":49}},"42":{"start":{"line":244,"column":4},"end":{"line":249,"column":5}},"43":{"start":{"line":248,"column":6},"end":{"line":248,"column":36}},"44":{"start":{"line":251,"column":4},"end":{"line":254,"column":5}},"45":{"start":{"line":252,"column":6},"end":{"line":252,"column":28}},"46":{"start":{"line":253,"column":6},"end":{"line":253,"column":45}},"47":{"start":{"line":256,"column":4},"end":{"line":274,"column":5}},"48":{"start":{"line":260,"column":28},"end":{"line":264,"column":7}},"49":{"start":{"line":266,"column":6},"end":{"line":268,"column":7}},"50":{"start":{"line":267,"column":8},"end":{"line":267,"column":78}},"51":{"start":{"line":270,"column":6},"end":{"line":270,"column":37}},"52":{"start":{"line":273,"column":6},"end":{"line":273,"column":58}},"53":{"start":{"line":276,"column":4},"end":{"line":280,"column":6}},"54":{"start":{"line":298,"column":4},"end":{"line":303,"column":5}},"55":{"start":{"line":300,"column":6},"end":{"line":300,"column":28}},"56":{"start":{"line":301,"column":6},"end":{"line":301,"column":30}},"57":{"start":{"line":302,"column":6},"end":{"line":302,"column":45}},"58":{"start":{"line":304,"column":4},"end":{"line":309,"column":6}},"59":{"start":{"line":319,"column":4},"end":{"line":319,"column":41}},"60":{"start":{"line":324,"column":4},"end":{"line":324,"column":33}},"61":{"start":{"line":329,"column":4},"end":{"line":329,"column":37}},"62":{"start":{"line":333,"column":4},"end":{"line":333,"column":28}},"63":{"start":{"line":338,"column":4},"end":{"line":338,"column":55}},"64":{"start":{"line":343,"column":4},"end":{"line":343,"column":27}},"65":{"start":{"line":344,"column":4},"end":{"line":344,"column":28}},"66":{"start":{"line":355,"column":4},"end":{"line":355,"column":28}},"67":{"start":{"line":356,"column":4},"end":{"line":356,"column":34}},"68":{"start":{"line":357,"column":4},"end":{"line":357,"column":26}},"69":{"start":{"line":358,"column":4},"end":{"line":358,"column":30}},"70":{"start":{"line":371,"column":4},"end":{"line":371,"column":35}},"71":{"start":{"line":372,"column":4},"end":{"line":372,"column":28}},"72":{"start":{"line":373,"column":4},"end":{"line":373,"column":27}},"73":{"start":{"line":375,"column":4},"end":{"line":375,"column":28}},"74":{"start":{"line":381,"column":4},"end":{"line":381,"column":30}},"75":{"start":{"line":385,"column":4},"end":{"line":385,"column":51}},"76":{"start":{"line":390,"column":4},"end":{"line":390,"column":20}},"77":{"start":{"line":391,"column":4},"end":{"line":391,"column":28}},"78":{"start":{"line":392,"column":4},"end":{"line":392,"column":32}}},"fnMap":{"0":{"name":"(anonymous_0)","decl":{"start":{"line":68,"column":2},"end":{"line":68,"column":3}},"loc":{"start":{"line":68,"column":28},"end":{"line":70,"column":3}},"line":68},"1":{"name":"(anonymous_1)","decl":{"start":{"line":72,"column":2},"end":{"line":72,"column":3}},"loc":{"start":{"line":72,"column":16},"end":{"line":124,"column":3}},"line":72},"2":{"name":"(anonymous_2)","decl":{"start":{"line":127,"column":2},"end":{"line":127,"column":3}},"loc":{"start":{"line":127,"column":15},"end":{"line":132,"column":3}},"line":127},"3":{"name":"(anonymous_3)","decl":{"start":{"line":135,"column":2},"end":{"line":135,"column":3}},"loc":{"start":{"line":135,"column":31},"end":{"line":137,"column":3}},"line":135},"4":{"name":"(anonymous_4)","decl":{"start":{"line":140,"column":2},"end":{"line":140,"column":3}},"loc":{"start":{"line":140,"column":48},"end":{"line":142,"column":3}},"line":140},"5":{"name":"(anonymous_5)","decl":{"start":{"line":146,"column":2},"end":{"line":146,"column":3}},"loc":{"start":{"line":146,"column":53},"end":{"line":150,"column":3}},"line":146},"6":{"name":"(anonymous_6)","decl":{"start":{"line":147,"column":19},"end":{"line":147,"column":20}},"loc":{"start":{"line":147,"column":25},"end":{"line":149,"column":5}},"line":147},"7":{"name":"(anonymous_7)","decl":{"start":{"line":152,"column":2},"end":{"line":152,"column":3}},"loc":{"start":{"line":152,"column":27},"end":{"line":154,"column":3}},"line":152},"8":{"name":"(anonymous_8)","decl":{"start":{"line":156,"column":2},"end":{"line":156,"column":3}},"loc":{"start":{"line":156,"column":23},"end":{"line":158,"column":3}},"line":156},"9":{"name":"(anonymous_9)","decl":{"start":{"line":160,"column":2},"end":{"line":160,"column":3}},"loc":{"start":{"line":160,"column":25},"end":{"line":162,"column":3}},"line":160},"10":{"name":"(anonymous_10)","decl":{"start":{"line":165,"column":2},"end":{"line":165,"column":3}},"loc":{"start":{"line":165,"column":59},"end":{"line":174,"column":3}},"line":165},"11":{"name":"(anonymous_11)","decl":{"start":{"line":176,"column":2},"end":{"line":176,"column":3}},"loc":{"start":{"line":176,"column":68},"end":{"line":176,"column":70}},"line":176},"12":{"name":"(anonymous_12)","decl":{"start":{"line":179,"column":2},"end":{"line":179,"column":3}},"loc":{"start":{"line":179,"column":61},"end":{"line":185,"column":3}},"line":179},"13":{"name":"(anonymous_13)","decl":{"start":{"line":187,"column":2},"end":{"line":187,"column":3}},"loc":{"start":{"line":187,"column":70},"end":{"line":187,"column":72}},"line":187},"14":{"name":"(anonymous_14)","decl":{"start":{"line":189,"column":2},"end":{"line":189,"column":3}},"loc":{"start":{"line":189,"column":27},"end":{"line":191,"column":3}},"line":189},"15":{"name":"(anonymous_15)","decl":{"start":{"line":193,"column":2},"end":{"line":193,"column":3}},"loc":{"start":{"line":193,"column":27},"end":{"line":195,"column":3}},"line":193},"16":{"name":"(anonymous_16)","decl":{"start":{"line":197,"column":2},"end":{"line":197,"column":3}},"loc":{"start":{"line":197,"column":28},"end":{"line":199,"column":3}},"line":197},"17":{"name":"(anonymous_17)","decl":{"start":{"line":201,"column":2},"end":{"line":201,"column":3}},"loc":{"start":{"line":201,"column":26},"end":{"line":203,"column":3}},"line":201},"18":{"name":"(anonymous_18)","decl":{"start":{"line":205,"column":2},"end":{"line":205,"column":3}},"loc":{"start":{"line":205,"column":29},"end":{"line":207,"column":3}},"line":205},"19":{"name":"(anonymous_19)","decl":{"start":{"line":210,"column":2},"end":{"line":210,"column":3}},"loc":{"start":{"line":218,"column":11},"end":{"line":226,"column":3}},"line":218},"20":{"name":"(anonymous_20)","decl":{"start":{"line":228,"column":2},"end":{"line":228,"column":3}},"loc":{"start":{"line":228,"column":60},"end":{"line":228,"column":62}},"line":228},"21":{"name":"(anonymous_21)","decl":{"start":{"line":231,"column":2},"end":{"line":231,"column":3}},"loc":{"start":{"line":243,"column":11},"end":{"line":281,"column":3}},"line":243},"22":{"name":"(anonymous_22)","decl":{"start":{"line":283,"column":2},"end":{"line":283,"column":3}},"loc":{"start":{"line":283,"column":64},"end":{"line":283,"column":66}},"line":283},"23":{"name":"(anonymous_23)","decl":{"start":{"line":285,"column":2},"end":{"line":285,"column":3}},"loc":{"start":{"line":297,"column":11},"end":{"line":310,"column":3}},"line":297},"24":{"name":"(anonymous_24)","decl":{"start":{"line":312,"column":2},"end":{"line":312,"column":3}},"loc":{"start":{"line":312,"column":75},"end":{"line":312,"column":77}},"line":312},"25":{"name":"(anonymous_25)","decl":{"start":{"line":314,"column":2},"end":{"line":314,"column":3}},"loc":{"start":{"line":318,"column":24},"end":{"line":320,"column":3}},"line":318},"26":{"name":"(anonymous_26)","decl":{"start":{"line":322,"column":2},"end":{"line":322,"column":3}},"loc":{"start":{"line":322,"column":25},"end":{"line":325,"column":3}},"line":322},"27":{"name":"(anonymous_27)","decl":{"start":{"line":327,"column":2},"end":{"line":327,"column":3}},"loc":{"start":{"line":327,"column":38},"end":{"line":330,"column":3}},"line":327},"28":{"name":"(anonymous_28)","decl":{"start":{"line":332,"column":2},"end":{"line":332,"column":3}},"loc":{"start":{"line":332,"column":23},"end":{"line":334,"column":3}},"line":332},"29":{"name":"(anonymous_29)","decl":{"start":{"line":336,"column":2},"end":{"line":336,"column":3}},"loc":{"start":{"line":336,"column":34},"end":{"line":339,"column":3}},"line":336},"30":{"name":"(anonymous_30)","decl":{"start":{"line":342,"column":2},"end":{"line":342,"column":3}},"loc":{"start":{"line":342,"column":77},"end":{"line":345,"column":3}},"line":342},"31":{"name":"(anonymous_31)","decl":{"start":{"line":347,"column":2},"end":{"line":347,"column":3}},"loc":{"start":{"line":347,"column":75},"end":{"line":347,"column":77}},"line":347},"32":{"name":"(anonymous_32)","decl":{"start":{"line":349,"column":2},"end":{"line":349,"column":3}},"loc":{"start":{"line":354,"column":11},"end":{"line":359,"column":3}},"line":354},"33":{"name":"(anonymous_33)","decl":{"start":{"line":361,"column":2},"end":{"line":361,"column":3}},"loc":{"start":{"line":363,"column":10},"end":{"line":363,"column":12}},"line":363},"34":{"name":"(anonymous_34)","decl":{"start":{"line":365,"column":2},"end":{"line":365,"column":3}},"loc":{"start":{"line":370,"column":11},"end":{"line":376,"column":3}},"line":370},"35":{"name":"(anonymous_35)","decl":{"start":{"line":378,"column":2},"end":{"line":378,"column":3}},"loc":{"start":{"line":378,"column":75},"end":{"line":378,"column":77}},"line":378},"36":{"name":"(anonymous_36)","decl":{"start":{"line":380,"column":2},"end":{"line":380,"column":3}},"loc":{"start":{"line":380,"column":25},"end":{"line":382,"column":3}},"line":380},"37":{"name":"(anonymous_37)","decl":{"start":{"line":384,"column":2},"end":{"line":384,"column":3}},"loc":{"start":{"line":384,"column":36},"end":{"line":386,"column":3}},"line":384},"38":{"name":"(anonymous_38)","decl":{"start":{"line":389,"column":2},"end":{"line":389,"column":3}},"loc":{"start":{"line":389,"column":18},"end":{"line":393,"column":3}},"line":389},"39":{"name":"(anonymous_39)","decl":{"start":{"line":395,"column":2},"end":{"line":395,"column":3}},"loc":{"start":{"line":395,"column":20},"end":{"line":395,"column":22}},"line":395}},"branchMap":{"0":{"loc":{"start":{"line":128,"column":4},"end":{"line":128,"column":32}},"type":"if","locations":[{"start":{"line":128,"column":4},"end":{"line":128,"column":32}},{"start":{},"end":{}}],"line":128},"1":{"loc":{"start":{"line":153,"column":11},"end":{"line":153,"column":53}},"type":"binary-expr","locations":[{"start":{"line":153,"column":11},"end":{"line":153,"column":29}},{"start":{"line":153,"column":33},"end":{"line":153,"column":53}}],"line":153},"2":{"loc":{"start":{"line":166,"column":4},"end":{"line":168,"column":5}},"type":"if","locations":[{"start":{"line":166,"column":4},"end":{"line":168,"column":5}},{"start":{},"end":{}}],"line":166},"3":{"loc":{"start":{"line":166,"column":8},"end":{"line":166,"column":34}},"type":"binary-expr","locations":[{"start":{"line":166,"column":8},"end":{"line":166,"column":23}},{"start":{"line":166,"column":27},"end":{"line":166,"column":34}}],"line":166},"4":{"loc":{"start":{"line":169,"column":4},"end":{"line":172,"column":5}},"type":"if","locations":[{"start":{"line":169,"column":4},"end":{"line":172,"column":5}},{"start":{},"end":{}}],"line":169},"5":{"loc":{"start":{"line":181,"column":4},"end":{"line":184,"column":5}},"type":"if","locations":[{"start":{"line":181,"column":4},"end":{"line":184,"column":5}},{"start":{},"end":{}}],"line":181},"6":{"loc":{"start":{"line":194,"column":11},"end":{"line":194,"column":43}},"type":"binary-expr","locations":[{"start":{"line":194,"column":11},"end":{"line":194,"column":24}},{"start":{"line":194,"column":28},"end":{"line":194,"column":43}}],"line":194},"7":{"loc":{"start":{"line":244,"column":4},"end":{"line":249,"column":5}},"type":"if","locations":[{"start":{"line":244,"column":4},"end":{"line":249,"column":5}},{"start":{},"end":{}}],"line":244},"8":{"loc":{"start":{"line":245,"column":6},"end":{"line":246,"column":47}},"type":"binary-expr","locations":[{"start":{"line":245,"column":6},"end":{"line":245,"column":43}},{"start":{"line":246,"column":6},"end":{"line":246,"column":47}}],"line":245},"9":{"loc":{"start":{"line":251,"column":4},"end":{"line":254,"column":5}},"type":"if","locations":[{"start":{"line":251,"column":4},"end":{"line":254,"column":5}},{"start":{},"end":{}}],"line":251},"10":{"loc":{"start":{"line":256,"column":4},"end":{"line":274,"column":5}},"type":"if","locations":[{"start":{"line":256,"column":4},"end":{"line":274,"column":5}},{"start":{},"end":{}}],"line":256},"11":{"loc":{"start":{"line":257,"column":6},"end":{"line":258,"column":64}},"type":"binary-expr","locations":[{"start":{"line":257,"column":6},"end":{"line":257,"column":16}},{"start":{"line":258,"column":6},"end":{"line":258,"column":64}}],"line":257},"12":{"loc":{"start":{"line":266,"column":6},"end":{"line":268,"column":7}},"type":"if","locations":[{"start":{"line":266,"column":6},"end":{"line":268,"column":7}},{"start":{},"end":{}}],"line":266},"13":{"loc":{"start":{"line":298,"column":4},"end":{"line":303,"column":5}},"type":"if","locations":[{"start":{"line":298,"column":4},"end":{"line":303,"column":5}},{"start":{},"end":{}}],"line":298},"14":{"loc":{"start":{"line":319,"column":11},"end":{"line":319,"column":41}},"type":"binary-expr","locations":[{"start":{"line":319,"column":11},"end":{"line":319,"column":15}},{"start":{"line":319,"column":19},"end":{"line":319,"column":41}}],"line":319},"15":{"loc":{"start":{"line":338,"column":11},"end":{"line":338,"column":55}},"type":"binary-expr","locations":[{"start":{"line":338,"column":11},"end":{"line":338,"column":37}},{"start":{"line":338,"column":41},"end":{"line":338,"column":55}}],"line":338}},"s":{"0":12,"1":12,"2":1193,"3":1193,"4":1193,"5":1193,"6":1193,"7":1193,"8":1193,"9":1193,"10":497,"11":1193,"12":1193,"13":1117,"14":0,"15":1117,"16":1117,"17":1117,"18":1148,"19":1148,"20":1117,"21":1147,"22":3,"23":5,"24":0,"25":274,"26":1,"27":273,"28":271,"29":273,"30":66,"31":66,"32":66,"33":25,"34":3,"35":23,"36":6,"37":10,"38":33,"39":33,"40":33,"41":33,"42":25,"43":25,"44":25,"45":24,"46":24,"47":25,"48":3,"49":3,"50":1,"51":2,"52":2,"53":24,"54":9,"55":9,"56":9,"57":9,"58":9,"59":3,"60":472,"61":19,"62":32,"63":32,"64":20,"65":20,"66":17,"67":17,"68":17,"69":17,"70":3,"71":3,"72":3,"73":3,"74":4,"75":4,"76":31,"77":31,"78":31},"f":{"0":497,"1":1193,"2":1117,"3":1148,"4":1148,"5":1117,"6":1147,"7":3,"8":5,"9":0,"10":274,"11":273,"12":66,"13":66,"14":25,"15":3,"16":23,"17":6,"18":10,"19":33,"20":33,"21":25,"22":24,"23":9,"24":9,"25":3,"26":472,"27":19,"28":32,"29":32,"30":20,"31":20,"32":17,"33":17,"34":3,"35":3,"36":4,"37":4,"38":31,"39":31},"b":{"0":[0,1117],"1":[3,1],"2":[1,273],"3":[274,3],"4":[271,2],"5":[66,0],"6":[3,2],"7":[25,0],"8":[25,1],"9":[24,1],"10":[3,22],"11":[25,24],"12":[1,2],"13":[9,0],"14":[3,2],"15":[32,32]},"_coverageSchema":"1a1c01bbd47fc00a2c39e90264f33305004495a9","hash":"44a75e68b758319b4d066eb393d0f0e67b6bbf8e"}
,"/home/ivan/development/fuerte/packages/core/src/model/identity-error.ts": {"path":"/home/ivan/development/fuerte/packages/core/src/model/identity-error.ts","statementMap":{"0":{"start":{"line":3,"column":4},"end":{"line":3,"column":18}},"1":{"start":{"line":4,"column":4},"end":{"line":4,"column":32}}},"fnMap":{"0":{"name":"(anonymous_0)","decl":{"start":{"line":2,"column":2},"end":{"line":2,"column":3}},"loc":{"start":{"line":2,"column":31},"end":{"line":5,"column":3}},"line":2}},"branchMap":{},"s":{"0":1,"1":1},"f":{"0":1},"b":{},"_coverageSchema":"1a1c01bbd47fc00a2c39e90264f33305004495a9","hash":"bb43e763c5a09eca8f7a1ca20293194a05d715c6"}
,"/home/ivan/development/fuerte/packages/core/src/utils/types.ts": {"path":"/home/ivan/development/fuerte/packages/core/src/utils/types.ts","statementMap":{},"fnMap":{},"branchMap":{},"s":{},"f":{},"b":{}}
}
