TN:
SF:src/collection/Collection.ts
FN:54,(anonymous_0)
FN:78,(anonymous_1)
FN:122,(anonymous_2)
FN:126,(anonymous_3)
FN:130,(anonymous_4)
FN:148,(anonymous_5)
FN:235,(anonymous_6)
FN:242,(anonymous_7)
FN:251,(anonymous_8)
FN:260,(anonymous_9)
FN:268,(anonymous_10)
FN:270,(anonymous_11)
FN:274,(anonymous_12)
FN:276,(anonymous_13)
FN:280,(anonymous_14)
FN:282,(anonymous_15)
FN:289,(anonymous_16)
FN:383,(anonymous_17)
FN:389,(anonymous_18)
FN:400,(anonymous_19)
FN:406,(anonymous_20)
FN:410,(anonymous_21)
FN:414,(anonymous_22)
FN:418,(anonymous_23)
FN:438,(anonymous_24)
FN:540,(anonymous_25)
FN:560,(anonymous_26)
FN:562,(anonymous_27)
FN:566,(anonymous_28)
FN:568,(anonymous_29)
FN:572,(anonymous_30)
FN:576,(anonymous_31)
FN:579,(anonymous_32)
FNF:33
FNH:33
FNDA:1241,(anonymous_0)
FNDA:7,(anonymous_1)
FNDA:3,(anonymous_2)
FNDA:1,(anonymous_3)
FNDA:33,(anonymous_4)
FNDA:33,(anonymous_5)
FNDA:32,(anonymous_6)
FNDA:33,(anonymous_7)
FNDA:20,(anonymous_8)
FNDA:26,(anonymous_9)
FNDA:33,(anonymous_10)
FNDA:25,(anonymous_11)
FNDA:9,(anonymous_12)
FNDA:6,(anonymous_13)
FNDA:9,(anonymous_14)
FNDA:9,(anonymous_15)
FNDA:23,(anonymous_16)
FNDA:20,(anonymous_17)
FNDA:23,(anonymous_18)
FNDA:23,(anonymous_19)
FNDA:20,(anonymous_20)
FNDA:17,(anonymous_21)
FNDA:3,(anonymous_22)
FNDA:26,(anonymous_23)
FNDA:23,(anonymous_24)
FNDA:5,(anonymous_25)
FNDA:26,(anonymous_26)
FNDA:21,(anonymous_27)
FNDA:5,(anonymous_28)
FNDA:272,(anonymous_29)
FNDA:66,(anonymous_30)
FNDA:1,(anonymous_31)
FNDA:2,(anonymous_32)
DA:39,1241
DA:41,1241
DA:44,1241
DA:50,1241
DA:59,1241
DA:61,1241
DA:79,7
DA:89,1241
DA:123,3
DA:127,1
DA:135,33
DA:140,33
DA:142,28
DA:144,5
DA:147,33
DA:148,33
DA:149,33
DA:151,33
DA:152,33
DA:155,33
DA:161,33
DA:167,33
DA:169,25
DA:170,3
DA:175,25
DA:182,25
DA:190,24
DA:198,9
DA:200,9
DA:202,9
DA:207,1
DA:212,9
DA:219,9
DA:227,9
DA:233,33
DA:234,33
DA:235,32
DA:236,32
DA:246,33
DA:255,20
DA:263,26
DA:277,6
DA:281,9
DA:282,9
DA:283,9
DA:286,9
DA:294,23
DA:299,23
DA:301,23
DA:302,23
DA:304,3
DA:311,20
DA:312,9
DA:316,20
DA:317,20
DA:319,20
DA:324,20
DA:329,20
DA:331,17
DA:332,5
DA:336,17
DA:342,17
DA:348,17
DA:354,3
DA:359,1
DA:363,3
DA:369,3
DA:377,3
DA:383,20
DA:384,20
DA:390,23
DA:392,22
DA:393,1
DA:395,21
DA:396,1
DA:401,23
DA:402,1
DA:422,26
DA:424,26
DA:429,26
DA:430,26
DA:431,26
DA:436,26
DA:438,23
DA:439,23
DA:443,23
DA:444,1
DA:448,1
DA:456,1
DA:464,22
DA:465,22
DA:467,22
DA:468,46
DA:470,46
DA:471,5
DA:473,41
DA:475,41
DA:476,28
DA:481,13
DA:483,13
DA:485,13
DA:487,6
DA:488,6
DA:489,6
DA:491,6
DA:493,2
DA:494,2
DA:495,2
DA:498,1
DA:501,2
DA:502,1
DA:504,1
DA:505,1
DA:507,1
DA:513,20
DA:516,20
DA:522,20
DA:530,20
DA:539,5
DA:540,5
DA:541,5
DA:542,5
DA:545,5
DA:551,5
DA:569,272
DA:573,66
DA:577,1
DA:579,1
DA:580,2
DA:582,1
LF:130
LH:130
BRDA:67,0,0,1
BRDA:67,0,1,1240
BRDA:74,1,0,1
BRDA:74,1,1,1240
BRDA:85,2,0,3
BRDA:85,2,1,1238
BRDA:140,3,0,28
BRDA:140,3,1,5
BRDA:169,4,0,3
BRDA:169,4,1,22
BRDA:202,5,0,1
BRDA:202,5,1,8
BRDA:203,6,0,9
BRDA:203,6,1,8
BRDA:203,6,2,2
BRDA:234,7,0,32
BRDA:234,7,1,1
BRDA:311,8,0,9
BRDA:311,8,1,11
BRDA:311,9,0,20
BRDA:311,9,1,17
BRDA:331,10,0,5
BRDA:331,10,1,12
BRDA:331,11,0,17
BRDA:331,11,1,14
BRDA:354,12,0,1
BRDA:354,12,1,2
BRDA:355,13,0,3
BRDA:355,13,1,3
BRDA:355,13,2,3
BRDA:392,14,0,1
BRDA:392,14,1,21
BRDA:395,15,0,1
BRDA:395,15,1,20
BRDA:401,16,0,1
BRDA:401,16,1,22
BRDA:443,17,0,1
BRDA:443,17,1,22
BRDA:470,18,0,5
BRDA:470,18,1,41
BRDA:475,19,0,28
BRDA:475,19,1,13
BRDA:485,20,0,6
BRDA:485,20,1,6
BRDA:491,21,0,2
BRDA:491,21,1,1
BRDA:491,21,2,2
BRDA:491,21,3,1
BRDA:501,22,0,1
BRDA:501,22,1,1
BRF:50
BRH:50
end_of_record
TN:
SF:src/collection/LiteCollection.ts
FN:35,(anonymous_0)
FN:74,(anonymous_1)
FN:78,(anonymous_2)
FN:89,(anonymous_3)
FN:98,(anonymous_4)
FN:107,(anonymous_5)
FN:116,(anonymous_6)
FN:138,(anonymous_7)
FN:194,(anonymous_8)
FN:206,(anonymous_9)
FN:214,(anonymous_10)
FN:215,(anonymous_11)
FN:223,(anonymous_12)
FN:231,(anonymous_13)
FN:237,(anonymous_14)
FN:250,(anonymous_15)
FN:253,(anonymous_16)
FN:267,(anonymous_17)
FN:275,(anonymous_18)
FN:279,(anonymous_19)
FN:280,(anonymous_20)
FN:285,(anonymous_21)
FN:286,(anonymous_22)
FN:291,(anonymous_23)
FN:295,(anonymous_24)
FN:296,(anonymous_25)
FN:299,(anonymous_26)
FN:300,(anonymous_27)
FN:303,(anonymous_28)
FN:314,(anonymous_29)
FN:322,(anonymous_30)
FN:335,(anonymous_31)
FN:363,(anonymous_32)
FN:368,(anonymous_33)
FN:376,(anonymous_34)
FN:417,(anonymous_35)
FN:421,(anonymous_36)
FN:425,(anonymous_37)
FN:427,(anonymous_38)
FN:429,(anonymous_39)
FN:436,(anonymous_40)
FN:437,(anonymous_41)
FN:447,(anonymous_42)
FN:449,(anonymous_43)
FN:484,(anonymous_44)
FN:488,(anonymous_45)
FN:490,(anonymous_46)
FN:496,(anonymous_47)
FN:499,(anonymous_48)
FN:501,(anonymous_49)
FN:506,(anonymous_50)
FNF:51
FNH:45
FNDA:1243,(anonymous_0)
FNDA:0,(anonymous_1)
FNDA:390,(anonymous_2)
FNDA:3,(anonymous_3)
FNDA:94,(anonymous_4)
FNDA:2,(anonymous_5)
FNDA:3,(anonymous_6)
FNDA:159,(anonymous_7)
FNDA:341,(anonymous_8)
FNDA:274,(anonymous_9)
FNDA:278,(anonymous_10)
FNDA:4,(anonymous_11)
FNDA:64,(anonymous_12)
FNDA:60,(anonymous_13)
FNDA:32,(anonymous_14)
FNDA:1117,(anonymous_15)
FNDA:1,(anonymous_16)
FNDA:11,(anonymous_17)
FNDA:89,(anonymous_18)
FNDA:1,(anonymous_19)
FNDA:2,(anonymous_20)
FNDA:1,(anonymous_21)
FNDA:1,(anonymous_22)
FNDA:2,(anonymous_23)
FNDA:0,(anonymous_24)
FNDA:0,(anonymous_25)
FNDA:0,(anonymous_26)
FNDA:0,(anonymous_27)
FNDA:2,(anonymous_28)
FNDA:2,(anonymous_29)
FNDA:2,(anonymous_30)
FNDA:30,(anonymous_31)
FNDA:55,(anonymous_32)
FNDA:64,(anonymous_33)
FNDA:64,(anonymous_34)
FNDA:0,(anonymous_35)
FNDA:2,(anonymous_36)
FNDA:64,(anonymous_37)
FNDA:273,(anonymous_38)
FNDA:1,(anonymous_39)
FNDA:1,(anonymous_40)
FNDA:2,(anonymous_41)
FNDA:1,(anonymous_42)
FNDA:9,(anonymous_43)
FNDA:8,(anonymous_44)
FNDA:9,(anonymous_45)
FNDA:70,(anonymous_46)
FNDA:1,(anonymous_47)
FNDA:2,(anonymous_48)
FNDA:2,(anonymous_49)
FNDA:1,(anonymous_50)
DA:25,1243
DA:27,1243
DA:29,1243
DA:33,1243
DA:36,1243
DA:51,1243
DA:75,0
DA:80,390
DA:81,1
DA:91,3
DA:100,94
DA:109,2
DA:121,3
DA:144,159
DA:146,159
DA:150,159
DA:152,159
DA:153,299
DA:155,298
DA:156,24
DA:159,274
DA:167,274
DA:170,274
DA:172,273
DA:176,157
DA:177,151
DA:178,6
DA:179,3
DA:182,3
DA:186,2
DA:188,1
DA:191,155
DA:195,341
DA:196,341
DA:197,341
DA:199,341
DA:200,138
DA:203,341
DA:207,274
DA:208,274
DA:209,274
DA:210,93
DA:213,274
DA:214,278
DA:216,4
DA:220,274
DA:224,64
DA:225,64
DA:227,64
DA:228,64
DA:232,60
DA:234,60
DA:238,32
DA:239,32
DA:240,32
DA:241,28
DA:242,28
DA:243,24
DA:247,32
DA:251,1117
DA:252,1117
DA:253,1
DA:254,1
DA:257,1116
DA:260,1117
DA:268,11
DA:269,2
DA:272,9
DA:276,89
DA:280,1
DA:281,2
DA:286,1
DA:287,1
DA:292,2
DA:296,0
DA:300,0
DA:304,2
DA:305,1
DA:311,1
DA:315,2
DA:316,1
DA:319,1
DA:323,2
DA:324,1
DA:326,1
DA:328,1
DA:339,30
DA:340,30
DA:341,30
DA:342,7
DA:343,2
DA:345,5
DA:350,28
DA:367,55
DA:369,64
DA:373,55
DA:374,55
DA:376,55
DA:377,64
DA:378,64
DA:379,64
DA:380,64
DA:381,29
DA:383,64
DA:386,55
DA:387,27
DA:388,29
DA:389,29
DA:390,29
DA:391,29
DA:392,27
DA:393,27
DA:394,27
DA:399,28
DA:400,28
DA:401,57
DA:402,57
DA:403,57
DA:404,57
DA:405,37
DA:407,20
DA:411,28
DA:414,55
DA:418,0
DA:422,2
DA:430,1
DA:437,1
DA:438,2
DA:439,2
DA:440,2
DA:443,2
DA:453,9
DA:454,1
DA:456,1
DA:458,1
DA:461,8
DA:462,8
DA:463,36
DA:465,36
DA:466,5
DA:469,31
DA:471,31
DA:474,8
DA:475,8
DA:479,8
DA:481,8
DA:485,8
DA:493,70
DA:497,1
DA:499,2
DA:501,1
DA:502,2
LF:152
LH:148
BRDA:39,0,0,1
BRDA:39,0,1,1242
BRDA:43,1,0,0
BRDA:43,1,1,1243
BRDA:47,2,0,0
BRDA:47,2,1,1243
BRDA:80,3,0,1
BRDA:80,3,1,389
BRDA:155,4,0,24
BRDA:155,4,1,274
BRDA:176,5,0,151
BRDA:176,5,1,6
BRDA:178,6,0,3
BRDA:178,6,1,3
BRDA:182,7,0,2
BRDA:182,7,1,1
BRDA:183,8,0,3
BRDA:183,8,1,2
BRDA:191,9,0,63
BRDA:191,9,1,92
BRDA:199,10,0,138
BRDA:199,10,1,203
BRDA:203,11,0,341
BRDA:203,11,1,318
BRDA:209,12,0,93
BRDA:209,12,1,181
BRDA:228,13,0,64
BRDA:228,13,1,0
BRDA:234,14,0,60
BRDA:234,14,1,50
BRDA:242,15,0,24
BRDA:242,15,1,4
BRDA:252,16,0,1
BRDA:252,16,1,1116
BRDA:268,17,0,2
BRDA:268,17,1,9
BRDA:304,18,0,1
BRDA:304,18,1,1
BRDA:315,19,0,1
BRDA:315,19,1,1
BRDA:323,20,0,1
BRDA:323,20,1,1
BRDA:323,21,0,2
BRDA:323,21,1,2
BRDA:341,22,0,7
BRDA:341,22,1,23
BRDA:342,23,0,2
BRDA:342,23,1,5
BRDA:380,24,0,29
BRDA:380,24,1,35
BRDA:386,25,0,27
BRDA:386,25,1,28
BRDA:391,26,0,27
BRDA:391,26,1,2
BRDA:404,27,0,37
BRDA:404,27,1,20
BRDA:414,28,0,32
BRDA:414,28,1,23
BRDA:439,29,0,2
BRDA:439,29,1,0
BRDA:453,30,0,1
BRDA:453,30,1,8
BRDA:465,31,0,5
BRDA:465,31,1,31
BRF:64
BRH:60
end_of_record
TN:
SF:src/collection/collection-config.ts
FNF:0
FNH:0
DA:1,1
DA:7,1
LF:2
LH:2
BRF:0
BRH:0
end_of_record
TN:
SF:src/model/Model.ts
FN:68,(anonymous_0)
FN:72,(anonymous_1)
FN:127,(anonymous_2)
FN:135,(anonymous_3)
FN:140,(anonymous_4)
FN:146,(anonymous_5)
FN:147,(anonymous_6)
FN:152,(anonymous_7)
FN:156,(anonymous_8)
FN:160,(anonymous_9)
FN:165,(anonymous_10)
FN:176,(anonymous_11)
FN:179,(anonymous_12)
FN:187,(anonymous_13)
FN:189,(anonymous_14)
FN:193,(anonymous_15)
FN:197,(anonymous_16)
FN:201,(anonymous_17)
FN:205,(anonymous_18)
FN:210,(anonymous_19)
FN:228,(anonymous_20)
FN:231,(anonymous_21)
FN:283,(anonymous_22)
FN:285,(anonymous_23)
FN:312,(anonymous_24)
FN:314,(anonymous_25)
FN:322,(anonymous_26)
FN:327,(anonymous_27)
FN:332,(anonymous_28)
FN:336,(anonymous_29)
FN:342,(anonymous_30)
FN:347,(anonymous_31)
FN:349,(anonymous_32)
FN:361,(anonymous_33)
FN:365,(anonymous_34)
FN:378,(anonymous_35)
FN:380,(anonymous_36)
FN:384,(anonymous_37)
FN:389,(anonymous_38)
FN:395,(anonymous_39)
FNF:40
FNH:39
FNDA:497,(anonymous_0)
FNDA:1193,(anonymous_1)
FNDA:1117,(anonymous_2)
FNDA:1148,(anonymous_3)
FNDA:1148,(anonymous_4)
FNDA:1117,(anonymous_5)
FNDA:1147,(anonymous_6)
FNDA:3,(anonymous_7)
FNDA:5,(anonymous_8)
FNDA:0,(anonymous_9)
FNDA:274,(anonymous_10)
FNDA:273,(anonymous_11)
FNDA:66,(anonymous_12)
FNDA:66,(anonymous_13)
FNDA:25,(anonymous_14)
FNDA:3,(anonymous_15)
FNDA:23,(anonymous_16)
FNDA:6,(anonymous_17)
FNDA:10,(anonymous_18)
FNDA:33,(anonymous_19)
FNDA:33,(anonymous_20)
FNDA:25,(anonymous_21)
FNDA:24,(anonymous_22)
FNDA:9,(anonymous_23)
FNDA:9,(anonymous_24)
FNDA:3,(anonymous_25)
FNDA:472,(anonymous_26)
FNDA:19,(anonymous_27)
FNDA:32,(anonymous_28)
FNDA:32,(anonymous_29)
FNDA:20,(anonymous_30)
FNDA:20,(anonymous_31)
FNDA:17,(anonymous_32)
FNDA:17,(anonymous_33)
FNDA:3,(anonymous_34)
FNDA:3,(anonymous_35)
FNDA:4,(anonymous_36)
FNDA:4,(anonymous_37)
FNDA:31,(anonymous_38)
FNDA:31,(anonymous_39)
DA:32,12
DA:34,12
DA:40,1193
DA:45,1193
DA:47,1193
DA:49,1193
DA:51,1193
DA:53,1193
DA:57,1193
DA:66,1193
DA:69,497
DA:73,1193
DA:75,1193
DA:128,1117
DA:129,1117
DA:130,1117
DA:131,1117
DA:136,1148
DA:141,1148
DA:147,1117
DA:148,1147
DA:153,3
DA:157,5
DA:161,0
DA:166,274
DA:167,1
DA:169,273
DA:171,271
DA:173,273
DA:180,66
DA:181,66
DA:183,66
DA:190,25
DA:194,3
DA:198,23
DA:202,6
DA:206,10
DA:219,33
DA:220,33
DA:224,33
DA:225,33
DA:244,25
DA:248,25
DA:251,25
DA:252,24
DA:253,24
DA:256,25
DA:260,3
DA:266,3
DA:267,1
DA:270,2
DA:273,2
DA:276,24
DA:298,9
DA:300,9
DA:301,9
DA:302,9
DA:304,9
DA:319,3
DA:324,472
DA:329,19
DA:333,32
DA:338,32
DA:343,20
DA:344,20
DA:355,17
DA:356,17
DA:357,17
DA:358,17
DA:371,3
DA:372,3
DA:373,3
DA:375,3
DA:381,4
DA:385,4
DA:390,31
DA:391,31
DA:392,31
LF:78
LH:77
BRDA:128,0,0,0
BRDA:128,0,1,1117
BRDA:153,1,0,3
BRDA:153,1,1,1
BRDA:166,2,0,1
BRDA:166,2,1,273
BRDA:166,3,0,274
BRDA:166,3,1,3
BRDA:169,4,0,271
BRDA:169,4,1,2
BRDA:181,5,0,66
BRDA:181,5,1,0
BRDA:194,6,0,3
BRDA:194,6,1,2
BRDA:244,7,0,25
BRDA:244,7,1,0
BRDA:245,8,0,25
BRDA:245,8,1,1
BRDA:251,9,0,24
BRDA:251,9,1,1
BRDA:256,10,0,3
BRDA:256,10,1,22
BRDA:257,11,0,25
BRDA:257,11,1,24
BRDA:266,12,0,1
BRDA:266,12,1,2
BRDA:298,13,0,9
BRDA:298,13,1,0
BRDA:319,14,0,3
BRDA:319,14,1,2
BRDA:338,15,0,32
BRDA:338,15,1,32
BRF:32
BRH:28
end_of_record
TN:
SF:src/model/identity-error.ts
FN:2,(anonymous_0)
FNF:1
FNH:1
FNDA:1,(anonymous_0)
DA:3,1
DA:4,1
LF:2
LH:2
BRF:0
BRH:0
end_of_record
TN:
SF:src/utils/types.ts
FNF:0
FNH:0
LF:0
LH:0
BRF:0
BRH:0
end_of_record
